Log file open, 05/01/16 13:55:03
LogInit:Display: Running engine for game: MechProject
LogPlatformFile: Not using cached read wrapper
LogInit:Display: RandInit(931051139) SRandInit(931051141).
LogTaskGraph: Started task graph with 4 named threads and 11 total threads.
LogStats: Stats thread started at 0.117565
LogInit: Version: 4.11.2-2946394+++UE4+Release-4.11
LogInit: API Version: 2927265
LogInit: Compiled (64-bit): Apr 18 2016 02:18:46
LogInit: Compiled with Visual C++: 19.00.23026.00
LogInit: Build Configuration: Development
LogInit: Branch Name: ++UE4+Release-4.11
LogInit: Command line: -EpicPortal 
LogInit: Base directory: F:/Programs/Epic Games/4.11/Engine/Binaries/Win64/
LogInit: Installed Engine Build: 1
LogInit: Using libcurl 7.41.0
LogInit:  - built for x86_64-pc-win32
LogInit:  - supports SSL with WinSSL
LogInit:  - other features:
LogInit:      CURL_VERSION_SSL
LogInit:      CURL_VERSION_IPV6
LogInit:      CURL_VERSION_ASYNCHDNS
LogInit:      CURL_VERSION_LARGEFILE
LogInit:      CURL_VERSION_IDN
LogInit:  CurlRequestOptions (configurable via config and command line):
LogInit:  - bVerifyPeer = true  - Libcurl will verify peer certificate
LogInit:  - bUseHttpProxy = false  - Libcurl will NOT use HTTP proxy
LogInit:  - bDontReuseConnections = false  - Libcurl will reuse connections
LogInit:  - CertBundlePath = nullptr  - Libcurl will use whatever was configured at build time.
LogInit: Presizing for max 16777216 objects, including 0 objects not considered by GC, pre-allocating 0 bytes for permanent pool.
LogInit: Object subsystem initialized
[2016.05.01-17.55.03:912][  0]LogInit: Selected Device Profile: [Windows]
[2016.05.01-17.55.03:912][  0]LogInit: Applying CVar settings loaded from the selected device profile: [Windows]
[2016.05.01-17.55.03:925][  0]LogInit: Computer: Z600-PC
[2016.05.01-17.55.03:925][  0]LogInit: User: Z600
[2016.05.01-17.55.03:925][  0]LogInit: CPU Page size=65536, Cores=8
[2016.05.01-17.55.03:925][  0]LogInit: High frequency timer resolution =2.597685 MHz
[2016.05.01-17.55.03:926][  0]LogMemory: Memory total: Physical=12.0GB (12GB approx)
[2016.05.01-17.55.03:926][  0]LogMemory: Platform Memory Stats for Windows
[2016.05.01-17.55.03:926][  0]LogMemory: Process Physical Memory: 316.20 MB used, 316.20 MB peak
[2016.05.01-17.55.03:926][  0]LogMemory: Process Virtual Memory: 319.92 MB used, 319.92 MB peak
[2016.05.01-17.55.03:926][  0]LogMemory: Physical Memory: 6031.24 MB used, 12271.22 MB total
[2016.05.01-17.55.03:926][  0]LogMemory: Virtual Memory: 625.80 MB used, 8388608.00 MB total
[2016.05.01-17.55.03:989][  0]LogTextLocalizationManager: No specific translations for ('en-US') exist, so ('en') translations will be used.
[2016.05.01-17.55.04:865][  0]LogD3D11RHI: D3D11 adapters:
[2016.05.01-17.55.04:889][  0]LogD3D11RHI:    0. 'NVIDIA GeForce GTX 750 Ti' (Feature Level 11_0)
[2016.05.01-17.55.04:889][  0]LogD3D11RHI:       1992MB of dedicated video memory, 0MB of dedicated system memory, and 2048MB of shared system memory, 2 output[s]
[2016.05.01-17.55.04:889][  0]LogD3D11RHI: Chosen D3D11 Adapter: 0
[2016.05.01-17.55.04:909][  0]LogD3D11RHI: Creating new Direct3DDevice
[2016.05.01-17.55.04:910][  0]LogD3D11RHI:     Adapter Name: NVIDIA GeForce GTX 750 Ti
[2016.05.01-17.55.04:910][  0]LogD3D11RHI:   Driver Version: Unknown (internal Unknown)
[2016.05.01-17.55.04:910][  0]LogD3D11RHI:      Driver Date: Unknown
[2016.05.01-17.55.04:910][  0]LogRHI: Texture pool is 1361 MB (70% of 1945 MB)
[2016.05.01-17.55.04:924][  0]LogD3D11RHI: Async texture creation enabled
[2016.05.01-17.55.04:945][  0]LogShaderCompilers: Guid format shader working directory is -13 characters bigger than the processId version (../../../../../../UnrealProjects/UnrealProject/MechProject/Intermediate/Shaders/WorkingDirectory/4320/).
[2016.05.01-17.55.04:945][  0]LogShaderCompilers: Cleaned the shader compiler working directory 'C:/Users/Z600/AppData/Local/Temp/UnrealShaderWorkingDir/2CEFF65E4617C7EB9E0AABAAA16E223F/'.
[2016.05.01-17.55.04:945][  0]LogShaderCompilers:Display: Using Local Shader Compiler.
[2016.05.01-17.55.06:205][  0]LogTemp:Display: Loaded TP AllDesktopTargetPlatform
[2016.05.01-17.55.06:212][  0]LogTemp:Display: Loaded TP WindowsClientTargetPlatform
[2016.05.01-17.55.06:219][  0]LogTemp:Display: Loaded TP WindowsNoEditorTargetPlatform
[2016.05.01-17.55.06:226][  0]LogTemp:Display: Loaded TP WindowsServerTargetPlatform
[2016.05.01-17.55.06:232][  0]LogTemp:Display: Loaded TP WindowsTargetPlatform
[2016.05.01-17.55.06:240][  0]LogTemp:Display: Loaded TP AndroidTargetPlatform
[2016.05.01-17.55.06:247][  0]LogTemp:Display: Loaded TP Android_ASTCTargetPlatform
[2016.05.01-17.55.06:254][  0]LogTemp:Display: Loaded TP Android_ATCTargetPlatform
[2016.05.01-17.55.06:262][  0]LogTemp:Display: Loaded TP Android_DXTTargetPlatform
[2016.05.01-17.55.06:268][  0]LogTemp:Display: Loaded TP Android_ETC1TargetPlatform
[2016.05.01-17.55.06:272][  0]LogTemp:Display: Loaded TP Android_ETC2TargetPlatform
[2016.05.01-17.55.06:283][  0]LogTemp:Display: Loaded TP Android_MultiTargetPlatform
[2016.05.01-17.55.06:283][  0]LogTemp:Display: Loaded TP Android_PVRTCTargetPlatform
[2016.05.01-17.55.06:285][  0]LogTemp:Display: Loaded TP HTML5TargetPlatform
[2016.05.01-17.55.06:305][  0]LogTemp:Display: Loaded TP IOSTargetPlatform
[2016.05.01-17.55.06:310][  0]LogTemp:Display: Loaded TP TVOSTargetPlatform
[2016.05.01-17.55.06:315][  0]LogTemp:Display: Loaded TP LinuxNoEditorTargetPlatform
[2016.05.01-17.55.06:320][  0]LogTemp:Display: Loaded TP LinuxServerTargetPlatform
[2016.05.01-17.55.06:325][  0]LogTemp:Display: Loaded TP LinuxTargetPlatform
[2016.05.01-17.55.06:325][  0]LogTargetPlatformManager:Display: Building Assets For Windows
[2016.05.01-17.55.06:435][  0]LogDerivedDataCache:Display: Max Cache Size: 512 MB
[2016.05.01-17.55.06:509][  0]LogDerivedDataCache: Loaded boot cache 0.07s 46MB C:/Users/Z600/AppData/Local/UnrealEngine/4.11/DerivedDataCache/Boot.ddc.
[2016.05.01-17.55.06:509][  0]LogDerivedDataCache:Display: Loaded Boot cache: C:/Users/Z600/AppData/Local/UnrealEngine/4.11/DerivedDataCache/Boot.ddc
[2016.05.01-17.55.06:509][  0]LogDerivedDataCache: FDerivedDataBackendGraph:  Pak pak cache file ../../../../../../UnrealProjects/UnrealProject/MechProject/DerivedDataCache/DDC.ddp not found, will not use a pak cache.
[2016.05.01-17.55.06:509][  0]LogDerivedDataCache: Unable to find inner node Pak for hierarchical cache Hierarchy.
[2016.05.01-17.55.06:509][  0]LogDerivedDataCache: FDerivedDataBackendGraph:  CompressedPak pak cache file ../../../../../../UnrealProjects/UnrealProject/MechProject/DerivedDataCache/Compressed.ddp not found, will not use a pak cache.
[2016.05.01-17.55.06:509][  0]LogDerivedDataCache: Unable to find inner node CompressedPak for hierarchical cache Hierarchy.
[2016.05.01-17.55.06:532][  0]LogDerivedDataCache:Display: Pak cache opened for reading ../../../Engine/DerivedDataCache/Compressed.ddp.
[2016.05.01-17.55.06:544][  0]LogDerivedDataCache: Using Local data cache path C:/Users/Z600/AppData/Local/UnrealEngine/Common/DerivedDataCache: Writable
[2016.05.01-17.55.06:808][  0]LogInit: Selected Device Profile: [Windows]
[2016.05.01-17.55.06:809][  0]LogContentStreaming: Texture pool size is 0.00 MB
[2016.05.01-17.55.06:845][  0]LogMaterial: Uniform references updated for custom material expression Custom.
[2016.05.01-17.55.07:034][  0]LogMeshUtilities: No automatic mesh reduction module available
[2016.05.01-17.55.07:034][  0]LogMeshUtilities: No automatic mesh merging module available
[2016.05.01-17.55.07:034][  0]LogMeshUtilities: No distributed automatic mesh merging module available
[2016.05.01-17.55.07:402][  0]LogUObjectArray: 27679 objects as part of root set at end of initial load.
[2016.05.01-17.55.07:402][  0]LogUObjectAllocator: 5591600 out of 0 bytes used by permanent object pool.
[2016.05.01-17.55.07:402][  0]LogUObjectArray: CloseDisregardForGC: 0/0 objects in disregard for GC pool
[2016.05.01-17.55.07:412][  0]LogInit: WinSock: version 1.1 (2.2), MaxSocks=32767, MaxUdp=65467
[2016.05.01-17.55.07:542][  0]LogSlate: SlateFontCache - WITH_FREETYPE: 1, WITH_HARFBUZZ: 1
[2016.05.01-17.55.07:542][  0]LogSlate: SlateFontCache - WITH_FREETYPE: 1, WITH_HARFBUZZ: 1
[2016.05.01-17.55.07:676][  0]LogStreaming:Warning: Failed to read file '../../../Engine/Content/Editor/Slate/Common/Selection_16x.png' error.
[2016.05.01-17.55.07:676][  0]LogSlate: Could not find file for Slate resource: ../../../Engine/Content/Editor/Slate/Common/Selection_16x.png
[2016.05.01-17.55.07:676][  0]LogStreaming:Warning: Failed to read file '../../../Engine/Content/Editor/Slate/Common/Selection_16x.png' error.
[2016.05.01-17.55.07:676][  0]LogSlate: Could not find file for Slate resource: ../../../Engine/Content/Editor/Slate/Common/Selection_16x.png
[2016.05.01-17.55.07:676][  0]LogStreaming:Warning: Failed to read file '../../../Engine/Content/Editor/Slate/Common/Selection_16x.png' error.
[2016.05.01-17.55.07:676][  0]LogSlate: Could not find file for Slate resource: ../../../Engine/Content/Editor/Slate/Common/Selection_16x.png
[2016.05.01-17.55.08:412][  0]LogUdpMessaging: Initializing bridge on interface 0.0.0.0:0 to multicast group 230.0.0.1:6666.
[2016.05.01-17.55.08:523][  0]LogAssetRegistry: FAssetRegistry took 0.0205 seconds to start up
[2016.05.01-17.55.08:964][  0]SourceControl: Info Source control is disabled
[2016.05.01-17.55.08:966][  0]SourceControl: Info Source control is disabled
[2016.05.01-17.55.08:981][  0]SourceControl: Info Source control is disabled
[2016.05.01-17.55.08:996][  0]SourceControl: Info Source control is disabled
[2016.05.01-17.55.09:145][  0]LogHMD: Failed to initialize OpenVR with code 110
[2016.05.01-17.55.09:241][  0]LogEngine: Initializing Engine...
[2016.05.01-17.55.09:464][  0]LogAIModule: Creating AISystem for world NewWorld
[2016.05.01-17.55.09:473][  0]LogInit: XAudio2 using 'Speakers (Realtek High Definition Audio)' : 2 channels at 48 kHz using 32 bits per sample (channel mask 0x3)
[2016.05.01-17.55.09:490][  0]LogInit: FAudioDevice initialized.
[2016.05.01-17.55.09:529][  0]LogDerivedDataCache: Saved boot cache 0.04s 46MB C:/Users/Z600/AppData/Local/UnrealEngine/4.11/DerivedDataCache/Boot.ddc.
[2016.05.01-17.55.09:540][  0]LogInit: Texture streaming: Enabled
[2016.05.01-17.55.09:576][  0]LogInit: Transaction tracking system initialized
[2016.05.01-17.55.09:620][  0]BlueprintLog: New page: Editor Load
[2016.05.01-17.55.09:741][  0]LocalizationService: Info Localization service is disabled
[2016.05.01-17.55.09:857][  0]LogConsoleResponse:Display: 
[2016.05.01-17.55.09:996][  0]LogCook:Display: Max memory allowance for cook 8192mb
[2016.05.01-17.55.09:996][  0]LogCook:Display: Mobile HDR setting 1
[2016.05.01-17.55.09:996][  0]LogCook:Display: Done creating registry. It took  0.00s.
[2016.05.01-17.55.10:076][  0]LogFileCache: Scanning file cache for directory 'F:/UnrealProjects/UnrealProject/MechProject/Content/' took 0.02s
[2016.05.01-17.55.10:076][  0]SourceControl: Info Source control is disabled
[2016.05.01-17.55.10:076][  0]Cmd: MAP LOAD FILE="../../../../../../UnrealProjects/UnrealProject/MechProject/Content/ThirdPersonBP/Maps/TutorialCourse.umap" TEMPLATE=0 SHOWPROGRESS=1 FEATURELEVEL=3
[2016.05.01-17.55.10:098][  0]LightingResults: New page: Lighting Build
[2016.05.01-17.55.10:102][  0]MapCheck: New page: Map Check
[2016.05.01-17.55.10:102][  0]LightingResults: New page: Lighting Build
[2016.05.01-17.55.15:355][  0]LogAIModule: Creating AISystem for world TutorialCourse
[2016.05.01-17.55.15:383][  0]LogEditorServer: Finished looking for orphan Actors (0.000 secs)
[2016.05.01-17.55.15:384][  0]Cmd: MAP CHECKDEP NOCLEARLOG
[2016.05.01-17.55.15:463][  0]MapCheck: Info Map check complete: 0 Error(s), 0 Warning(s), took 78.961ms to complete.
[2016.05.01-17.55.15:463][  0]LogFileHelpers: Loading map 'TutorialCourse' took 5.387
[2016.05.01-17.55.15:971][  0]LogCollectionManager: Loaded 0 collections in 0.002474 seconds
[2016.05.01-17.55.16:017][  0]LogFileCache: Scanning file cache for directory 'F:/UnrealProjects/UnrealProject/MechProject/Saved/Collections/' took 0.01s
[2016.05.01-17.55.16:017][  0]LogFileCache: Scanning file cache for directory 'F:/UnrealProjects/UnrealProject/MechProject/Content/Developers/Z600/Collections/' took 0.01s
[2016.05.01-17.55.16:017][  0]LogFileCache: Scanning file cache for directory 'F:/UnrealProjects/UnrealProject/MechProject/Content/Collections/' took 0.01s
[2016.05.01-17.55.16:017][  0]LogCollectionManager: Rebuilt the GUID cache for 0 collections in 0.000003 seconds
[2016.05.01-17.55.16:029][  0]LogContentBrowser: Native class hierarchy populated in 0.0111 seconds. Added 1979 classes and 343 folders.
[2016.05.01-17.55.16:042][  0]LogStats: UGameplayTagsManager::ConstructGameplayTagTree: Construct from data asset -  0.000 s
[2016.05.01-17.55.16:042][  0]LogStats: UGameplayTagsManager::ConstructGameplayTagTree: GameplayTagTreeChangedEvent.Broadcast -  0.000 s
[2016.05.01-17.55.16:042][  0]LogContentBrowser: Native class hierarchy updated for 'GameplayTags' in 0.0005 seconds. Added 12 classes and 0 folders.
[2016.05.01-17.55.16:047][  0]LogContentBrowser: Native class hierarchy updated for 'WidgetCarousel' in 0.0004 seconds. Added 0 classes and 0 folders.
[2016.05.01-17.55.16:101][  0]LogContentBrowser: Native class hierarchy updated for 'SuperSearch' in 0.0005 seconds. Added 1 classes and 2 folders.
[2016.05.01-17.55.16:878][  0]LogContentBrowser: Native class hierarchy updated for 'AddContentDialog' in 0.0007 seconds. Added 0 classes and 0 folders.
[2016.05.01-17.55.16:888][  0]LogContentBrowser: Native class hierarchy updated for 'SceneOutliner' in 0.0006 seconds. Added 1 classes and 2 folders.
[2016.05.01-17.55.17:012][  0]LogCrashTracker: Crashtracker disabled due to settings.
[2016.05.01-17.55.17:025][  0]LogUObjectGlobals:Warning: Failed to find object 'Class None.'
[2016.05.01-17.55.17:052][  0]LogContentBrowser: Native class hierarchy updated for 'HierarchicalLODOutliner' in 0.0005 seconds. Added 1 classes and 2 folders.
[2016.05.01-17.55.17:053][  0]LogLoad: Full Startup: 14.21 seconds (BP compile: 0.88 seconds)
[2016.05.01-17.55.17:053][  0]LogExternalProfiler:Warning: No registered external profiler was matched with a command-line switch (or the DLL could not be loaded).  External profiling features will not be available.
[2016.05.01-17.55.17:062][  0]LogOcInput: OculusInput pre-init called
[2016.05.01-17.55.17:295][  0]LogContentStreaming: Texture pool size now 1000 MB
[2016.05.01-17.55.17:572][  0]LogRenderer: Reallocating scene render targets to support 1204x600 (Frame:2).
[2016.05.01-17.55.17:742][  1]LogAssetRegistry: Asset discovery search completed in 9.2394 seconds
[2016.05.01-17.55.17:742][  1]LogCollectionManager: Rebuilt the object cache for 0 collections in 0.000001 seconds (found 0 objects)
[2016.05.01-17.55.17:742][  1]LogCollectionManager: Fixed up redirectors for 0 collections in 0.000028 seconds (updated 0 objects)
[2016.05.01-17.55.59:944][832]LogPlayLevel: PlayLevel: No blueprints needed recompiling
[2016.05.01-17.55.59:971][832]PIE: New page: PIE session: TutorialCourse (May 1, 2016, 8:55:59 AM)
[2016.05.01-17.55.59:971][832]LogPlayLevel: Creating play world package: /Game/ThirdPersonBP/Maps/UEDPIE_0_TutorialCourse
[2016.05.01-17.55.59:988][832]LogPlayLevel: PIE: StaticDuplicateObject took: (0.017148s)
[2016.05.01-17.55.59:989][832]LogAIModule: Creating AISystem for world TutorialCourse
[2016.05.01-17.55.59:989][832]LogPlayLevel: PIE: World Init took: (0.001168s)
[2016.05.01-17.55.59:989][832]LogPlayLevel: PIE: Created PIE world by copying editor world from /Game/ThirdPersonBP/Maps/TutorialCourse.TutorialCourse to /Game/ThirdPersonBP/Maps/UEDPIE_0_TutorialCourse.TutorialCourse (0.018672s)
[2016.05.01-17.55.59:989][832]LogActorComponent: UnregisterComponent: (/Engine/Transient.CharMoveComp) Not registered. Aborting.
[2016.05.01-17.55.59:990][832]LogActorComponent: UnregisterComponent: (/Engine/Transient.MovementComponent0) Not registered. Aborting.
[2016.05.01-17.56.00:093][832]LogInit: XAudio2 using 'Speakers (Realtek High Definition Audio)' : 2 channels at 48 kHz using 32 bits per sample (channel mask 0x3)
[2016.05.01-17.56.00:108][832]LogInit: FAudioDevice initialized.
[2016.05.01-17.56.00:174][832]LogWorld: Game class is 'MechGame_C'
[2016.05.01-17.56.00:188][832]LogWorld: Bringing World /Game/ThirdPersonBP/Maps/UEDPIE_0_TutorialCourse.TutorialCourse up for play (max tick rate 0) at 2016.05.01-13.56.00
[2016.05.01-17.56.00:191][832]LogWorld: Bringing up level for play took: 0.013148
[2016.05.01-17.56.00:192][832]LogSpawn:Warning: SpawnActor failed because no class was specified
[2016.05.01-17.56.00:196][832]LogContentBrowser: Native class hierarchy updated for 'MovieSceneCapture' in 0.0005 seconds. Added 9 classes and 0 folders.
[2016.05.01-17.56.00:210][832]PIE: Info Play in editor start time for /Game/ThirdPersonBP/Maps/UEDPIE_0_TutorialCourse -0.425
[2016.05.01-17.56.00:245][833]LogRenderer: Reallocating scene render targets to support 1920x1080 (Frame:3768).
[2016.05.01-17.56.00:376][834]LogRenderTargetPool:Warning: r.RenderTargetPoolMin exceeded 409/400 MB (ok in editor, bad on fixed memory platform)
[2016.05.01-17.56.20:023][357]LogPlayLevel: PlayLevel: No blueprints needed recompiling
[2016.05.01-17.56.20:023][357]PIE: New page: PIE session: TutorialCourse (May 1, 2016, 8:56:20 AM)
[2016.05.01-17.56.20:023][357]LogPlayLevel: Creating play world package: /Game/ThirdPersonBP/Maps/UEDPIE_0_TutorialCourse
[2016.05.01-17.56.20:034][357]LogPlayLevel: PIE: StaticDuplicateObject took: (0.010649s)
[2016.05.01-17.56.20:035][357]LogAIModule: Creating AISystem for world TutorialCourse
[2016.05.01-17.56.20:035][357]LogPlayLevel: PIE: World Init took: (0.001487s)
[2016.05.01-17.56.20:036][357]LogPlayLevel: PIE: Created PIE world by copying editor world from /Game/ThirdPersonBP/Maps/TutorialCourse.TutorialCourse to /Game/ThirdPersonBP/Maps/UEDPIE_0_TutorialCourse.TutorialCourse (0.012378s)
[2016.05.01-17.56.20:036][357]LogActorComponent: UnregisterComponent: (/Engine/Transient.CharMoveComp) Not registered. Aborting.
[2016.05.01-17.56.20:058][357]LogInit: XAudio2 using 'Speakers (Realtek High Definition Audio)' : 2 channels at 48 kHz using 32 bits per sample (channel mask 0x3)
[2016.05.01-17.56.20:068][357]LogInit: FAudioDevice initialized.
[2016.05.01-17.56.20:117][357]LogWorld: Game class is 'MechGame_C'
[2016.05.01-17.56.20:129][357]LogWorld: Bringing World /Game/ThirdPersonBP/Maps/UEDPIE_0_TutorialCourse.TutorialCourse up for play (max tick rate 0) at 2016.05.01-13.56.20
[2016.05.01-17.56.20:132][357]LogWorld: Bringing up level for play took: 0.012013
[2016.05.01-17.56.20:133][357]LogSpawn:Warning: SpawnActor failed because no class was specified
[2016.05.01-17.56.20:146][357]PIE: Info Play in editor start time for /Game/ThirdPersonBP/Maps/UEDPIE_0_TutorialCourse -0.489
[2016.05.01-17.56.20:350][360]LogRenderTargetPool:Warning: r.RenderTargetPoolMin exceeded 430/400 MB (ok in editor, bad on fixed memory platform)
[2016.05.01-17.56.33:062][ 77]LogBlueprintUserMessages: [MechChara_C_39] RightOn
[2016.05.01-17.56.33:062][ 77]LogBlueprintUserMessages: [MechChara_C_39] leftOn
[2016.05.01-17.56.33:062][ 77]LogBlueprintUserMessages: [MechChara_C_39] leftOn
[2016.05.01-17.56.33:088][ 78]LogBlueprintUserMessages: [MechChara_C_39] RightOn
[2016.05.01-17.56.33:117][ 79]LogScript:Warning: Accessed None trying to read property K2Node_ComponentBoundEvent_OtherActor5
	MechChara_C /Game/ThirdPersonBP/Maps/UEDPIE_0_TutorialCourse.TutorialCourse:PersistentLevel.MechChara_C_39
	Function /Game/ThirdPerson/MechaInsurgent/MechChara.MechChara_C:ExecuteUbergraph_MechChara:21DB
[2016.05.01-17.56.33:117][ 79]PIE:Error: Error Blueprint Runtime Error: Accessed None trying to read property K2Node_ComponentBoundEvent_OtherActor5 from function: 'ExecuteUbergraph_MechChara' from node: Launch Character in graph: EventGraph in object: MechChara
[2016.05.01-17.56.33:118][ 79]LogBlueprintUserMessages: [MechChara_C_39] Hello
[2016.05.01-17.56.33:848][102]LogBlueprintUserMessages: [MechChara_C_39] RightOn
[2016.05.01-17.56.33:848][102]LogBlueprintUserMessages: [MechChara_C_39] leftOn
[2016.05.01-17.56.34:102][111]LogBlueprintUserMessages: [MechChara_C_39] LeftOff
[2016.05.01-17.56.34:103][111]LogBlueprintUserMessages: [MechChara_C_39] 1
[2016.05.01-17.56.34:129][112]LogBlueprintUserMessages: [MechChara_C_39] RightOff
[2016.05.01-17.56.34:156][113]LogBlueprintUserMessages: [MechChara_C_39] RightOff
[2016.05.01-17.56.34:156][113]LogBlueprintUserMessages: [MechChara_C_39] LeftOff
[2016.05.01-17.56.34:156][113]LogBlueprintUserMessages: [MechChara_C_39] LeftOff
[2016.05.01-17.56.34:183][114]LogBlueprintUserMessages: [MechChara_C_39] RightOff
[2016.05.01-17.56.36:094][194]LogBlueprintUserMessages: [MechChara_C_39] RightOn
[2016.05.01-17.56.36:136][196]LogBlueprintUserMessages: [MechChara_C_39] leftOn
[2016.05.01-17.56.36:256][202]LogBlueprintUserMessages: [MechChara_C_39] Hello
[2016.05.01-17.56.37:090][243]LogBlueprintUserMessages: [MechChara_C_39] LeftOff
[2016.05.01-17.56.37:108][244]LogBlueprintUserMessages: [MechChara_C_39] RightOff
[2016.05.01-17.56.37:245][252]LogBlueprintUserMessages: [MechChara_C_39] 1
[2016.05.01-17.56.39:493][355]LogBlueprintUserMessages: [MechChara_C_39] leftOn
[2016.05.01-17.56.40:792][389]LogBlueprintUserMessages: [MechChara_C_39] LeftOff
[2016.05.01-17.56.45:040][500]LogBlueprintUserMessages: [MechChara_C_39] RightOn
[2016.05.01-17.56.45:149][503]LogBlueprintUserMessages: [MechChara_C_39] Hello
[2016.05.01-17.56.45:710][517]LogBlueprintUserMessages: [MechChara_C_39] RightOff
[2016.05.01-17.56.46:125][528]LogBlueprintUserMessages: [MechChara_C_39] 1
[2016.05.01-17.56.46:277][532]LogBlueprintUserMessages: [MechChara_C_39] leftOn
[2016.05.01-17.56.46:688][543]LogBlueprintUserMessages: [MechChara_C_39] Hello
[2016.05.01-17.56.47:488][563]LogBlueprintUserMessages: [MechChara_C_39] LeftOff
[2016.05.01-17.56.47:685][568]LogBlueprintUserMessages: [MechChara_C_39] 1
[2016.05.01-17.56.48:033][577]LogBlueprintUserMessages: [MechChara_C_39] RightOn
[2016.05.01-17.56.48:650][592]LogBlueprintUserMessages: [MechChara_C_39] RightOff
[2016.05.01-17.57.06:954][219]LogPlayLevel: PlayLevel: No blueprints needed recompiling
[2016.05.01-17.57.06:954][219]PIE: New page: PIE session: TutorialCourse (May 1, 2016, 8:57:06 AM)
[2016.05.01-17.57.06:954][219]LogPlayLevel: Creating play world package: /Game/ThirdPersonBP/Maps/UEDPIE_0_TutorialCourse
[2016.05.01-17.57.06:965][219]LogPlayLevel: PIE: StaticDuplicateObject took: (0.010982s)
[2016.05.01-17.57.06:965][219]LogAIModule: Creating AISystem for world TutorialCourse
[2016.05.01-17.57.06:966][219]LogPlayLevel: PIE: World Init took: (0.000789s)
[2016.05.01-17.57.06:966][219]LogPlayLevel: PIE: Created PIE world by copying editor world from /Game/ThirdPersonBP/Maps/TutorialCourse.TutorialCourse to /Game/ThirdPersonBP/Maps/UEDPIE_0_TutorialCourse.TutorialCourse (0.012005s)
[2016.05.01-17.57.06:986][219]LogInit: XAudio2 using 'Speakers (Realtek High Definition Audio)' : 2 channels at 48 kHz using 32 bits per sample (channel mask 0x3)
[2016.05.01-17.57.06:995][219]LogInit: FAudioDevice initialized.
[2016.05.01-17.57.07:049][219]LogWorld: Game class is 'MechGame_C'
[2016.05.01-17.57.07:062][219]LogWorld: Bringing World /Game/ThirdPersonBP/Maps/UEDPIE_0_TutorialCourse.TutorialCourse up for play (max tick rate 0) at 2016.05.01-13.57.07
[2016.05.01-17.57.07:065][219]LogWorld: Bringing up level for play took: 0.012411
[2016.05.01-17.57.07:066][219]LogSpawn:Warning: SpawnActor failed because no class was specified
[2016.05.01-17.57.07:083][219]PIE: Info Play in editor start time for /Game/ThirdPersonBP/Maps/UEDPIE_0_TutorialCourse 0.447
[2016.05.01-17.57.07:136][220]LogRenderTargetPool:Warning: r.RenderTargetPoolMin exceeded 414/400 MB (ok in editor, bad on fixed memory platform)
[2016.05.01-17.57.19:111][629]LogBlueprintUserMessages: [MechChara_C_40] RightOn
[2016.05.01-17.57.19:127][630]LogBlueprintUserMessages: [MechChara_C_40] RightOn
[2016.05.01-17.57.19:194][633]LogBlueprintUserMessages: [MechChara_C_40] leftOn
[2016.05.01-17.57.19:238][634]LogBlueprintUserMessages: [MechChara_C_40] leftOn
[2016.05.01-17.57.19:593][645]LogScript:Warning: Accessed None trying to read property K2Node_ComponentBoundEvent_OtherActor5
	MechChara_C /Game/ThirdPersonBP/Maps/UEDPIE_0_TutorialCourse.TutorialCourse:PersistentLevel.MechChara_C_40
	Function /Game/ThirdPerson/MechaInsurgent/MechChara.MechChara_C:ExecuteUbergraph_MechChara:21DB
[2016.05.01-17.57.19:593][645]PIE:Error: Error Blueprint Runtime Error: Accessed None trying to read property K2Node_ComponentBoundEvent_OtherActor5 from function: 'ExecuteUbergraph_MechChara' from node: Launch Character in graph: EventGraph in object: MechChara
[2016.05.01-17.57.19:593][645]LogBlueprintUserMessages: [MechChara_C_40] Hello
[2016.05.01-17.57.20:588][674]LogBlueprintUserMessages: [MechChara_C_40] RightOn
[2016.05.01-17.57.20:588][674]LogBlueprintUserMessages: [MechChara_C_40] leftOn
[2016.05.01-17.57.20:589][674]LogBlueprintUserMessages: [MechChara_C_40] 1
[2016.05.01-17.57.20:866][684]LogBlueprintUserMessages: [MechChara_C_40] RightOff
[2016.05.01-17.57.20:866][684]LogBlueprintUserMessages: [MechChara_C_40] LeftOff
[2016.05.01-17.57.20:897][685]LogBlueprintUserMessages: [MechChara_C_40] LeftOff
[2016.05.01-17.57.20:923][686]LogBlueprintUserMessages: [MechChara_C_40] RightOff
[2016.05.01-17.57.20:923][686]LogBlueprintUserMessages: [MechChara_C_40] RightOff
[2016.05.01-17.57.20:923][686]LogBlueprintUserMessages: [MechChara_C_40] LeftOff
[2016.05.01-17.57.22:272][733]LogBlueprintUserMessages: [MechChara_C_40] RightOn
[2016.05.01-17.57.22:272][733]LogBlueprintUserMessages: [MechChara_C_40] leftOn
[2016.05.01-17.57.23:595][800]LogBlueprintUserMessages: [MechChara_C_40] LeftOff
[2016.05.01-17.57.23:611][801]LogBlueprintUserMessages: [MechChara_C_40] RightOff
[2016.05.01-17.57.26:089][938]LogBlueprintUserMessages: [MechChara_C_40] leftOn
[2016.05.01-17.57.26:414][955]LogBlueprintUserMessages: [MechChara_C_40] Hello
[2016.05.01-17.57.27:314][  4]LogBlueprintUserMessages: [MechChara_C_40] LeftOff
[2016.05.01-17.57.27:392][  7]LogBlueprintUserMessages: [MechChara_C_40] 1
[2016.05.01-17.57.29:326][120]LogBlueprintUserMessages: [MechChara_C_40] RightOn
[2016.05.01-17.57.29:626][137]LogBlueprintUserMessages: [MechChara_C_40] Hello
[2016.05.01-17.57.30:139][164]LogBlueprintUserMessages: [MechChara_C_40] RightOff
[2016.05.01-17.57.30:620][191]LogBlueprintUserMessages: [MechChara_C_40] 1
[2016.05.01-17.57.30:712][195]LogBlueprintUserMessages: [MechChara_C_40] leftOn
[2016.05.01-17.57.31:825][257]LogBlueprintUserMessages: [MechChara_C_40] LeftOff
[2016.05.01-17.57.32:341][284]LogBlueprintUserMessages: [MechChara_C_40] RightOn
[2016.05.01-17.57.32:507][292]LogBlueprintUserMessages: [MechChara_C_40] Hello
[2016.05.01-17.57.33:488][345]LogBlueprintUserMessages: [MechChara_C_40] RightOff
[2016.05.01-17.57.33:505][346]LogBlueprintUserMessages: [MechChara_C_40] 1
[2016.05.01-17.57.35:916][483]LogBlueprintUserMessages: [MechChara_C_40] leftOn
[2016.05.01-17.57.36:093][491]LogBlueprintUserMessages: [MechChara_C_40] Hello
[2016.05.01-17.57.37:057][541]LogBlueprintUserMessages: [MechChara_C_40] 1
[2016.05.01-17.57.37:103][543]LogBlueprintUserMessages: [MechChara_C_40] LeftOff
[2016.05.01-17.57.37:597][569]LogBlueprintUserMessages: [MechChara_C_40] RightOn
[2016.05.01-17.57.38:086][595]LogBlueprintUserMessages: [MechChara_C_40] RightOff
[2016.05.01-17.57.43:590][913]LogBlueprintUserMessages: [MechChara_C_40] leftOn
[2016.05.01-17.57.43:774][923]LogBlueprintUserMessages: [MechChara_C_40] Hello
[2016.05.01-17.57.44:762][973]LogBlueprintUserMessages: [MechChara_C_40] 1
[2016.05.01-17.57.45:326][  5]LogBlueprintUserMessages: [MechChara_C_40] LeftOff
[2016.05.01-17.57.54:613][522]LogBlueprintUserMessages: [MechChara_C_40] RightOn
[2016.05.01-17.57.54:613][522]LogBlueprintUserMessages: [MechChara_C_40] RightOn
[2016.05.01-17.57.54:640][523]LogBlueprintUserMessages: [MechChara_C_40] leftOn
[2016.05.01-17.57.54:640][523]LogBlueprintUserMessages: [MechChara_C_40] leftOn
[2016.05.01-17.57.55:024][535]LogBlueprintUserMessages: [MechChara_C_40] RightOn
[2016.05.01-17.57.55:082][536]LogBlueprintUserMessages: [MechChara_C_40] leftOn
[2016.05.01-17.57.55:276][544]LogBlueprintUserMessages: [MechChara_C_40] Hello
[2016.05.01-17.57.55:473][551]LogBlueprintUserMessages: [MechChara_C_40] LeftOff
[2016.05.01-17.57.55:504][552]LogBlueprintUserMessages: [MechChara_C_40] RightOff
[2016.05.01-17.57.55:504][552]LogBlueprintUserMessages: [MechChara_C_40] LeftOff
[2016.05.01-17.57.55:534][553]LogBlueprintUserMessages: [MechChara_C_40] RightOff
[2016.05.01-17.57.55:534][553]LogBlueprintUserMessages: [MechChara_C_40] RightOff
[2016.05.01-17.57.55:534][553]LogBlueprintUserMessages: [MechChara_C_40] LeftOff
[2016.05.01-17.57.56:272][582]LogBlueprintUserMessages: [MechChara_C_40] 1
[2016.05.01-17.57.57:567][640]LogBlueprintUserMessages: [MechChara_C_40] leftOn
[2016.05.01-17.57.57:586][641]LogBlueprintUserMessages: [MechChara_C_40] RightOn
[2016.05.01-17.57.58:287][678]LogBlueprintUserMessages: [MechChara_C_40] LeftOff
[2016.05.01-17.57.58:306][679]LogBlueprintUserMessages: [MechChara_C_40] RightOff
[2016.05.01-17.58.00:523][807]LogBlueprintUserMessages: [MechChara_C_40] leftOn
[2016.05.01-17.58.00:651][814]LogBlueprintUserMessages: [MechChara_C_40] Hello
[2016.05.01-17.58.01:646][867]LogBlueprintUserMessages: [MechChara_C_40] 1
[2016.05.01-17.58.01:849][879]LogBlueprintUserMessages: [MechChara_C_40] LeftOff
[2016.05.01-17.58.03:990][  7]LogBlueprintUserMessages: [MechChara_C_40] RightOn
[2016.05.01-17.58.04:281][ 24]LogBlueprintUserMessages: [MechChara_C_40] Hello
[2016.05.01-17.58.04:743][ 49]LogBlueprintUserMessages: [MechChara_C_40] RightOff
[2016.05.01-17.58.05:284][ 80]LogBlueprintUserMessages: [MechChara_C_40] 1
[2016.05.01-17.58.05:321][ 82]LogBlueprintUserMessages: [MechChara_C_40] leftOn
[2016.05.01-17.58.05:511][ 93]LogBlueprintUserMessages: [MechChara_C_40] Hello
[2016.05.01-17.58.06:399][141]LogBlueprintUserMessages: [MechChara_C_40] LeftOff
[2016.05.01-17.58.06:508][147]LogBlueprintUserMessages: [MechChara_C_40] 1
[2016.05.01-17.58.07:003][175]LogBlueprintUserMessages: [MechChara_C_40] RightOn
[2016.05.01-17.58.07:145][183]LogBlueprintUserMessages: [MechChara_C_40] Hello
[2016.05.01-17.58.08:132][238]LogBlueprintUserMessages: [MechChara_C_40] 1
[2016.05.01-17.58.08:231][244]LogBlueprintUserMessages: [MechChara_C_40] RightOff
[2016.05.01-17.58.10:732][390]LogBlueprintUserMessages: [MechChara_C_40] leftOn
[2016.05.01-17.58.10:964][403]LogBlueprintUserMessages: [MechChara_C_40] RightOn
[2016.05.01-17.58.11:072][409]LogBlueprintUserMessages: [MechChara_C_40] Hello
[2016.05.01-17.58.11:108][411]LogBlueprintUserMessages: [MechChara_C_40] RightOff
[2016.05.01-17.58.11:804][447]LogBlueprintUserMessages: [MechChara_C_40] LeftOff
[2016.05.01-17.58.12:062][462]LogBlueprintUserMessages: [MechChara_C_40] 1
[2016.05.01-17.58.12:451][483]LogBlueprintUserMessages: [MechChara_C_40] RightOn
[2016.05.01-17.58.12:860][506]LogBlueprintUserMessages: [MechChara_C_40] Hello
[2016.05.01-17.58.13:399][535]LogBlueprintUserMessages: [MechChara_C_40] RightOff
[2016.05.01-17.58.13:852][561]LogBlueprintUserMessages: [MechChara_C_40] 1
[2016.05.01-17.58.13:938][566]LogBlueprintUserMessages: [MechChara_C_40] leftOn
[2016.05.01-17.58.14:096][575]LogBlueprintUserMessages: [MechChara_C_40] Hello
[2016.05.01-17.58.15:085][629]LogBlueprintUserMessages: [MechChara_C_40] 1
[2016.05.01-17.58.15:239][638]LogBlueprintUserMessages: [MechChara_C_40] LeftOff
[2016.05.01-17.58.16:716][724]LogBlueprintUserMessages: [MechChara_C_40] leftOn
[2016.05.01-17.58.16:916][735]LogBlueprintUserMessages: [MechChara_C_40] Hello
[2016.05.01-17.58.17:901][787]LogBlueprintUserMessages: [MechChara_C_40] 1
[2016.05.01-17.58.18:416][817]LogBlueprintUserMessages: [MechChara_C_40] LeftOff
[2016.05.01-17.58.21:714][  8]LogBlueprintUserMessages: [MechChara_C_40] leftOn
[2016.05.01-17.58.22:218][ 35]LogBlueprintUserMessages: [MechChara_C_40] Hello
[2016.05.01-17.58.23:005][ 77]LogBlueprintUserMessages: [MechChara_C_40] LeftOff
[2016.05.01-17.58.23:218][ 88]LogBlueprintUserMessages: [MechChara_C_40] 1
[2016.05.01-17.58.25:838][236]LogBlueprintUserMessages: [MechChara_C_40] RightOn
[2016.05.01-17.58.26:030][247]LogBlueprintUserMessages: [MechChara_C_40] leftOn
[2016.05.01-17.58.26:081][250]LogBlueprintUserMessages: [MechChara_C_40] LeftOff
[2016.05.01-17.58.26:200][257]LogBlueprintUserMessages: [MechChara_C_40] Hello
[2016.05.01-17.58.27:033][303]LogBlueprintUserMessages: [MechChara_C_40] RightOff
[2016.05.01-17.58.27:188][312]LogBlueprintUserMessages: [MechChara_C_40] 1
[2016.05.01-17.58.27:587][335]LogBlueprintUserMessages: [MechChara_C_40] leftOn
[2016.05.01-17.58.27:897][353]LogBlueprintUserMessages: [MechChara_C_40] Hello
[2016.05.01-17.58.28:879][406]LogBlueprintUserMessages: [MechChara_C_40] LeftOff
[2016.05.01-17.58.28:898][407]LogBlueprintUserMessages: [MechChara_C_40] 1
[2016.05.01-17.58.29:586][445]LogBlueprintUserMessages: [MechChara_C_40] RightOn
[2016.05.01-17.58.29:637][448]LogBlueprintUserMessages: [MechChara_C_40] Hello
[2016.05.01-17.58.30:393][490]LogBlueprintUserMessages: [MechChara_C_40] RightOff
[2016.05.01-17.58.30:639][504]LogBlueprintUserMessages: [MechChara_C_40] 1
[2016.05.01-17.58.32:415][582]LogBlueprintUserMessages: [MechChara_C_40] leftOn
[2016.05.01-17.58.32:687][589]LogBlueprintUserMessages: [MechChara_C_40] Hello
[2016.05.01-17.58.33:711][614]LogBlueprintUserMessages: [MechChara_C_40] LeftOff
[2016.05.01-17.58.33:712][614]LogBlueprintUserMessages: [MechChara_C_40] 1
[2016.05.01-17.58.34:213][642]LogBlueprintUserMessages: [MechChara_C_40] RightOn
[2016.05.01-17.58.34:412][653]LogBlueprintUserMessages: [MechChara_C_40] Hello
[2016.05.01-17.58.35:121][691]LogBlueprintUserMessages: [MechChara_C_40] RightOff
[2016.05.01-17.58.35:396][707]LogBlueprintUserMessages: [MechChara_C_40] 1
[2016.05.01-17.58.35:673][723]LogBlueprintUserMessages: [MechChara_C_40] leftOn
[2016.05.01-17.58.35:850][733]LogBlueprintUserMessages: [MechChara_C_40] Hello
[2016.05.01-17.58.36:827][787]LogBlueprintUserMessages: [MechChara_C_40] LeftOff
[2016.05.01-17.58.36:845][788]LogBlueprintUserMessages: [MechChara_C_40] 1
[2016.05.01-17.58.38:270][871]LogBlueprintUserMessages: [MechChara_C_40] leftOn
[2016.05.01-17.58.39:692][951]LogBlueprintUserMessages: [MechChara_C_40] LeftOff
[2016.05.01-17.58.41:141][ 30]LogBlueprintUserMessages: [MechChara_C_40] RightOn
[2016.05.01-17.58.41:142][ 30]LogBlueprintUserMessages: [MechChara_C_40] leftOn
[2016.05.01-17.58.41:847][ 69]LogBlueprintUserMessages: [MechChara_C_40] RightOff
[2016.05.01-17.58.42:349][ 97]LogBlueprintUserMessages: [MechChara_C_40] LeftOff
[2016.05.01-17.58.45:112][231]LogBlueprintUserMessages: [MechChara_C_40] leftOn
[2016.05.01-17.58.45:347][244]LogBlueprintUserMessages: [MechChara_C_40] Hello
[2016.05.01-17.58.45:763][265]LogBlueprintUserMessages: [MechChara_C_40] LeftOff
[2016.05.01-17.58.46:333][298]LogBlueprintUserMessages: [MechChara_C_40] 1
[2016.05.01-17.58.47:473][365]LogBlueprintUserMessages: [MechChara_C_40] RightOn
[2016.05.01-17.58.47:658][376]LogBlueprintUserMessages: [MechChara_C_40] Hello
[2016.05.01-17.58.48:613][428]LogBlueprintUserMessages: [MechChara_C_40] RightOff
[2016.05.01-17.58.48:647][430]LogBlueprintUserMessages: [MechChara_C_40] 1
[2016.05.01-17.58.49:153][459]LogBlueprintUserMessages: [MechChara_C_40] leftOn
[2016.05.01-17.58.49:257][465]LogBlueprintUserMessages: [MechChara_C_40] Hello
[2016.05.01-17.58.50:029][506]LogBlueprintUserMessages: [MechChara_C_40] LeftOff
[2016.05.01-17.58.50:247][518]LogBlueprintUserMessages: [MechChara_C_40] 1
[2016.05.01-17.58.50:622][539]LogBlueprintUserMessages: [MechChara_C_40] RightOn
[2016.05.01-17.58.50:948][558]LogBlueprintUserMessages: [MechChara_C_40] Hello
[2016.05.01-17.58.51:940][614]LogBlueprintUserMessages: [MechChara_C_40] 1
[2016.05.01-17.58.52:042][620]LogBlueprintUserMessages: [MechChara_C_40] RightOff
[2016.05.01-17.58.55:630][830]LogBlueprintUserMessages: [MechChara_C_40] leftOn
[2016.05.01-17.58.55:797][839]LogBlueprintUserMessages: [MechChara_C_40] Hello
[2016.05.01-17.58.56:575][879]LogBlueprintUserMessages: [MechChara_C_40] LeftOff
[2016.05.01-17.58.56:786][891]LogBlueprintUserMessages: [MechChara_C_40] 1
[2016.05.01-17.58.57:246][917]LogBlueprintUserMessages: [MechChara_C_40] RightOn
[2016.05.01-17.58.57:490][931]LogBlueprintUserMessages: [MechChara_C_40] Hello
[2016.05.01-17.58.57:779][947]LogBlueprintUserMessages: [MechChara_C_40] RightOff
[2016.05.01-17.58.58:357][980]LogBlueprintUserMessages: [MechChara_C_40] leftOn
[2016.05.01-17.58.58:478][987]LogBlueprintUserMessages: [MechChara_C_40] 1
[2016.05.01-17.58.58:564][992]LogBlueprintUserMessages: [MechChara_C_40] Hello
[2016.05.01-17.58.59:540][ 46]LogBlueprintUserMessages: [MechChara_C_40] LeftOff
[2016.05.01-17.58.59:559][ 47]LogBlueprintUserMessages: [MechChara_C_40] 1
[2016.05.01-17.59.01:416][155]LogBlueprintUserMessages: [MechChara_C_40] leftOn
[2016.05.01-17.59.01:581][164]LogBlueprintUserMessages: [MechChara_C_40] LeftOff
[2016.05.01-17.59.06:607][460]LogBlueprintUserMessages: [MechChara_C_40] leftOn
[2016.05.01-17.59.07:213][495]LogBlueprintUserMessages: [MechChara_C_40] Hello
[2016.05.01-17.59.08:211][546]LogBlueprintUserMessages: [MechChara_C_40] 1
[2016.05.01-17.59.08:376][555]LogBlueprintUserMessages: [MechChara_C_40] LeftOff
[2016.05.01-17.59.10:897][704]LogBlueprintUserMessages: [MechChara_C_40] RightOn
[2016.05.01-17.59.11:046][713]LogBlueprintUserMessages: [MechChara_C_40] RightOff
[2016.05.01-17.59.11:859][761]LogBlueprintUserMessages: [MechChara_C_40] RightOn
[2016.05.01-17.59.12:204][781]LogBlueprintUserMessages: [MechChara_C_40] Hello
[2016.05.01-17.59.12:614][802]LogBlueprintUserMessages: [MechChara_C_40] RightOff
[2016.05.01-17.59.13:187][835]LogBlueprintUserMessages: [MechChara_C_40] leftOn
[2016.05.01-17.59.13:204][836]LogBlueprintUserMessages: [MechChara_C_40] 1
[2016.05.01-17.59.13:414][848]LogBlueprintUserMessages: [MechChara_C_40] LeftOff
[2016.05.01-18.04.57:404][787]LogBlueprintUserMessages: [MechChara_C_40] No Target
[2016.05.01-18.05.41:001][822]LogBlueprintUserMessages: [MechChara_C_40] RightOn
[2016.05.01-18.05.41:001][822]LogBlueprintUserMessages: [MechChara_C_40] RightOn
[2016.05.01-18.05.41:001][822]LogBlueprintUserMessages: [MechChara_C_40] leftOn
[2016.05.01-18.05.41:001][822]LogBlueprintUserMessages: [MechChara_C_40] leftOn
[2016.05.01-18.05.41:235][828]LogBlueprintUserMessages: [MechChara_C_40] RightOn
[2016.05.01-18.05.41:235][828]LogBlueprintUserMessages: [MechChara_C_40] leftOn
[2016.05.01-18.05.41:523][835]LogBlueprintUserMessages: [MechChara_C_40] RightOff
[2016.05.01-18.05.41:524][835]LogBlueprintUserMessages: [MechChara_C_40] LeftOff
[2016.05.01-18.05.41:556][836]LogBlueprintUserMessages: [MechChara_C_40] RightOff
[2016.05.01-18.05.41:556][836]LogBlueprintUserMessages: [MechChara_C_40] LeftOff
[2016.05.01-18.05.41:556][836]LogBlueprintUserMessages: [MechChara_C_40] LeftOff
[2016.05.01-18.05.41:590][837]LogBlueprintUserMessages: [MechChara_C_40] RightOff
[2016.05.01-18.05.43:539][899]LogBlueprintUserMessages: [MechChara_C_40] RightOn
[2016.05.01-18.05.43:540][899]LogBlueprintUserMessages: [MechChara_C_40] leftOn
[2016.05.01-18.05.44:277][928]LogBlueprintUserMessages: [MechChara_C_40] RightOff
[2016.05.01-18.05.44:277][928]LogBlueprintUserMessages: [MechChara_C_40] LeftOff
[2016.05.01-18.05.46:658][ 15]LogBlueprintUserMessages: [MechChara_C_40] leftOn
[2016.05.01-18.05.46:734][ 18]LogBlueprintUserMessages: [MechChara_C_40] Hello
[2016.05.01-18.05.47:718][ 52]LogBlueprintUserMessages: [MechChara_C_40] 1
[2016.05.01-18.05.47:991][ 61]LogBlueprintUserMessages: [MechChara_C_40] LeftOff
[2016.05.01-18.06.03:910][608]LogPlayLevel: PlayLevel: No blueprints needed recompiling
[2016.05.01-18.06.03:910][608]PIE: New page: PIE session: TutorialCourse (May 1, 2016, 9:06:03 AM)
[2016.05.01-18.06.03:910][608]LogPlayLevel: Creating play world package: /Game/ThirdPersonBP/Maps/UEDPIE_0_TutorialCourse
[2016.05.01-18.06.03:921][608]LogPlayLevel: PIE: StaticDuplicateObject took: (0.011508s)
[2016.05.01-18.06.03:923][608]LogAIModule: Creating AISystem for world TutorialCourse
[2016.05.01-18.06.03:923][608]LogPlayLevel: PIE: World Init took: (0.001270s)
[2016.05.01-18.06.03:923][608]LogPlayLevel: PIE: Created PIE world by copying editor world from /Game/ThirdPersonBP/Maps/TutorialCourse.TutorialCourse to /Game/ThirdPersonBP/Maps/UEDPIE_0_TutorialCourse.TutorialCourse (0.013087s)
[2016.05.01-18.06.03:943][608]LogInit: XAudio2 using 'Speakers (Realtek High Definition Audio)' : 2 channels at 48 kHz using 32 bits per sample (channel mask 0x3)
[2016.05.01-18.06.03:954][608]LogInit: FAudioDevice initialized.
[2016.05.01-18.06.04:021][608]LogWorld: Game class is 'MechGame_C'
[2016.05.01-18.06.04:034][608]LogWorld: Bringing World /Game/ThirdPersonBP/Maps/UEDPIE_0_TutorialCourse.TutorialCourse up for play (max tick rate 0) at 2016.05.01-14.06.04
[2016.05.01-18.06.04:036][608]LogWorld: Bringing up level for play took: 0.012320
[2016.05.01-18.06.04:037][608]LogSpawn:Warning: SpawnActor failed because no class was specified
[2016.05.01-18.06.04:052][608]PIE: Info Play in editor start time for /Game/ThirdPersonBP/Maps/UEDPIE_0_TutorialCourse -0.59
[2016.05.01-18.06.04:125][609]LogRenderTargetPool:Warning: r.RenderTargetPoolMin exceeded 414/400 MB (ok in editor, bad on fixed memory platform)
[2016.05.01-18.06.07:222][664]LogPlayLevel: PlayLevel: No blueprints needed recompiling
[2016.05.01-18.06.07:222][664]PIE: New page: PIE session: TutorialCourse (May 1, 2016, 9:06:07 AM)
[2016.05.01-18.06.07:222][664]LogPlayLevel: Creating play world package: /Game/ThirdPersonBP/Maps/UEDPIE_0_TutorialCourse
[2016.05.01-18.06.07:234][664]LogPlayLevel: PIE: StaticDuplicateObject took: (0.011722s)
[2016.05.01-18.06.07:235][664]LogAIModule: Creating AISystem for world TutorialCourse
[2016.05.01-18.06.07:235][664]LogPlayLevel: PIE: World Init took: (0.000788s)
[2016.05.01-18.06.07:235][664]LogPlayLevel: PIE: Created PIE world by copying editor world from /Game/ThirdPersonBP/Maps/TutorialCourse.TutorialCourse to /Game/ThirdPersonBP/Maps/UEDPIE_0_TutorialCourse.TutorialCourse (0.012754s)
[2016.05.01-18.06.07:258][664]LogInit: XAudio2 using 'Speakers (Realtek High Definition Audio)' : 2 channels at 48 kHz using 32 bits per sample (channel mask 0x3)
[2016.05.01-18.06.07:268][664]LogInit: FAudioDevice initialized.
[2016.05.01-18.06.07:323][664]LogWorld: Game class is 'MechGame_C'
[2016.05.01-18.06.07:341][664]LogWorld: Bringing World /Game/ThirdPersonBP/Maps/UEDPIE_0_TutorialCourse.TutorialCourse up for play (max tick rate 0) at 2016.05.01-14.06.07
[2016.05.01-18.06.07:345][664]LogWorld: Bringing up level for play took: 0.018070
[2016.05.01-18.06.07:346][664]LogSpawn:Warning: SpawnActor failed because no class was specified
[2016.05.01-18.06.07:359][664]PIE: Info Play in editor start time for /Game/ThirdPersonBP/Maps/UEDPIE_0_TutorialCourse 0.717
[2016.05.01-18.06.07:444][666]LogRenderTargetPool:Warning: r.RenderTargetPoolMin exceeded 430/400 MB (ok in editor, bad on fixed memory platform)
[2016.05.01-18.06.17:139][ 91]LogBlueprintUserMessages: [MechChara_C_42] RightOn
[2016.05.01-18.06.17:139][ 91]LogBlueprintUserMessages: [MechChara_C_42] RightOn
[2016.05.01-18.06.17:139][ 91]LogBlueprintUserMessages: [MechChara_C_42] leftOn
[2016.05.01-18.06.17:139][ 91]LogBlueprintUserMessages: [MechChara_C_42] leftOn
[2016.05.01-18.06.17:586][108]LogBlueprintUserMessages: [MechChara_C_42] RightOn
[2016.05.01-18.06.17:612][109]LogBlueprintUserMessages: [MechChara_C_42] leftOn
[2016.05.01-18.06.18:019][125]LogBlueprintUserMessages: [MechChara_C_42] RightOff
[2016.05.01-18.06.18:020][125]LogBlueprintUserMessages: [MechChara_C_42] LeftOff
[2016.05.01-18.06.18:674][152]LogBlueprintUserMessages: [MechChara_C_42] RightOff
[2016.05.01-18.06.18:674][152]LogBlueprintUserMessages: [MechChara_C_42] LeftOff
[2016.05.01-18.06.18:674][152]LogBlueprintUserMessages: [MechChara_C_42] LeftOff
[2016.05.01-18.06.18:696][153]LogBlueprintUserMessages: [MechChara_C_42] RightOff
[2016.05.01-18.06.20:964][254]LogBlueprintUserMessages: [MechChara_C_42] RightOn
[2016.05.01-18.06.20:983][255]LogBlueprintUserMessages: [MechChara_C_42] leftOn
[2016.05.01-18.06.21:057][259]LogBlueprintUserMessages: [MechChara_C_42] Hello
[2016.05.01-18.06.21:962][305]LogBlueprintUserMessages: [MechChara_C_42] RightOff
[2016.05.01-18.06.21:962][305]LogBlueprintUserMessages: [MechChara_C_42] LeftOff
[2016.05.01-18.06.22:046][310]LogBlueprintUserMessages: [MechChara_C_42] 1
[2016.05.01-18.06.24:163][435]LogBlueprintUserMessages: [MechChara_C_42] RightOn
[2016.05.01-18.06.24:360][446]LogBlueprintUserMessages: [MechChara_C_42] Hello
[2016.05.01-18.06.25:358][502]LogBlueprintUserMessages: [MechChara_C_42] 1
[2016.05.01-18.06.25:593][516]LogBlueprintUserMessages: [MechChara_C_42] RightOff
[2016.05.01-18.06.27:843][652]LogBlueprintUserMessages: [MechChara_C_42] leftOn
[2016.05.01-18.06.28:111][668]LogBlueprintUserMessages: [MechChara_C_42] Hello
[2016.05.01-18.06.29:100][723]LogBlueprintUserMessages: [MechChara_C_42] 1
[2016.05.01-18.06.29:542][749]LogBlueprintUserMessages: [MechChara_C_42] LeftOff
[2016.05.01-18.06.39:228][309]LogBlueprintUserMessages: [MechChara_C_42] RightOn
[2016.05.01-18.06.39:298][313]LogBlueprintUserMessages: [MechChara_C_42] Hello
[2016.05.01-18.06.39:952][347]LogBlueprintUserMessages: [MechChara_C_42] RightOff
[2016.05.01-18.06.40:288][366]LogBlueprintUserMessages: [MechChara_C_42] 1
[2016.05.01-18.06.40:569][382]LogBlueprintUserMessages: [MechChara_C_42] leftOn
[2016.05.01-18.06.40:761][393]LogBlueprintUserMessages: [MechChara_C_42] Hello
[2016.05.01-18.06.41:598][438]LogBlueprintUserMessages: [MechChara_C_42] LeftOff
[2016.05.01-18.06.41:762][447]LogBlueprintUserMessages: [MechChara_C_42] 1
[2016.05.01-18.06.42:149][469]LogBlueprintUserMessages: [MechChara_C_42] RightOn
[2016.05.01-18.06.42:253][475]LogBlueprintUserMessages: [MechChara_C_42] leftOn
[2016.05.01-18.06.42:322][479]LogBlueprintUserMessages: [MechChara_C_42] LeftOff
[2016.05.01-18.06.42:356][481]LogBlueprintUserMessages: [MechChara_C_42] Hello
[2016.05.01-18.06.43:342][536]LogBlueprintUserMessages: [MechChara_C_42] 1
[2016.05.01-18.06.43:457][543]LogBlueprintUserMessages: [MechChara_C_42] RightOff
[2016.05.01-18.06.52:284][ 61]LogBlueprintUserMessages: [MechChara_C_42] leftOn
[2016.05.01-18.06.52:892][ 94]LogBlueprintUserMessages: [MechChara_C_42] LeftOff
[2016.05.01-18.07.02:052][501]LogBlueprintUserMessages: [MechChara_C_42] leftOn
[2016.05.01-18.07.02:380][519]LogBlueprintUserMessages: [MechChara_C_42] Hello
[2016.05.01-18.07.03:168][559]LogBlueprintUserMessages: [MechChara_C_42] RightOn
[2016.05.01-18.07.03:299][566]LogBlueprintUserMessages: [MechChara_C_42] LeftOff
[2016.05.01-18.07.03:374][570]LogBlueprintUserMessages: [MechChara_C_42] 1
[2016.05.01-18.07.03:599][583]LogBlueprintUserMessages: [MechChara_C_42] RightOff
[2016.05.01-18.07.09:228][702]LogEditorViewport: Clicking on Actor (LMB): MechChara_C (MechChara2)
[2016.05.01-18.07.09:588][705]LogRenderTargetPool:Warning: r.RenderTargetPoolMin exceeded 429/400 MB (ok in editor, bad on fixed memory platform)
[2016.05.01-18.07.13:985][956]LogRenderTargetPool:Warning: r.RenderTargetPoolMin exceeded 421/400 MB (ok in editor, bad on fixed memory platform)
[2016.05.01-18.07.15:340][ 24]Cmd: QUIT_EDITOR
[2016.05.01-18.07.15:480][ 24]LogExit: Preparing to exit.
[2016.05.01-18.07.16:632][ 24]LogExit: Editor shut down
[2016.05.01-18.07.16:632][ 24]LogExit: Transaction tracking system shut down
[2016.05.01-18.07.16:806][ 24]LogObj: Freed 0b from 0 cluster array pools.
[2016.05.01-18.07.16:806][ 24]LogExit: Object subsystem successfully closed.
[2016.05.01-18.07.16:826][ 24]LogD3D11RHI: Shutdown
[2016.05.01-18.07.16:826][ 24]LogD3D11RHI: CleanupD3DDevice
[2016.05.01-18.07.16:932][ 24]LogD3D11RHI: ~FD3D11DynamicRHI
[2016.05.01-18.07.16:990][ 24]LogDerivedDataCache: Shutdown
[2016.05.01-18.07.16:991][ 24]LogModuleManager: Shutting down and abandoning module MovieSceneCapture (205)
[2016.05.01-18.07.16:991][ 24]LogModuleManager: Shutting down and abandoning module HierarchicalLODOutliner (204)
[2016.05.01-18.07.16:991][ 24]LogModuleManager: Shutting down and abandoning module CrashTracker (203)
[2016.05.01-18.07.16:991][ 24]LogModuleManager: Shutting down and abandoning module SceneOutliner (202)
[2016.05.01-18.07.16:991][ 24]LogModuleManager: Shutting down and abandoning module SuperSearch (201)
[2016.05.01-18.07.16:991][ 24]LogModuleManager: Shutting down and abandoning module WidgetCarousel (200)
[2016.05.01-18.07.16:991][ 24]LogModuleManager: Shutting down and abandoning module AddContentDialog (199)
[2016.05.01-18.07.16:992][ 24]LogModuleManager: Shutting down and abandoning module GameplayTags (198)
[2016.05.01-18.07.16:992][ 24]LogModuleManager: Shutting down and abandoning module EditorWidgets (197)
[2016.05.01-18.07.16:992][ 24]LogModuleManager: Shutting down and abandoning module CollectionManager (196)
[2016.05.01-18.07.16:993][ 24]LogModuleManager: Shutting down and abandoning module StatsViewer (195)
[2016.05.01-18.07.16:993][ 24]LogModuleManager: Shutting down and abandoning module FoliageEdit (194)
[2016.05.01-18.07.16:993][ 24]LogModuleManager: Shutting down and abandoning module LandscapeEditor (193)
[2016.05.01-18.07.16:993][ 24]LogModuleManager: Shutting down and abandoning module ActorPickerMode (192)
[2016.05.01-18.07.16:993][ 24]LogModuleManager: Shutting down and abandoning module GeometryMode (191)
[2016.05.01-18.07.16:993][ 24]LogModuleManager: Shutting down and abandoning module TextureAlignMode (190)
[2016.05.01-18.07.16:993][ 24]LogModuleManager: Shutting down and abandoning module BspMode (189)
[2016.05.01-18.07.16:993][ 24]LogModuleManager: Shutting down and abandoning module PlacementMode (188)
[2016.05.01-18.07.16:993][ 24]LogModuleManager: Shutting down and abandoning module AutomationWorker (187)
[2016.05.01-18.07.16:993][ 24]LogModuleManager: Shutting down and abandoning module CharacterAI (186)
[2016.05.01-18.07.16:993][ 24]LogModuleManager: Shutting down and abandoning module SmartSnapping (185)
[2016.05.01-18.07.16:993][ 24]LogModuleManager: Shutting down and abandoning module ViewportSnapping (184)
[2016.05.01-18.07.16:993][ 24]LogModuleManager: Shutting down and abandoning module LogVisualizer (183)
[2016.05.01-18.07.16:993][ 24]LogModuleManager: Shutting down and abandoning module GameProjectGeneration (182)
[2016.05.01-18.07.16:993][ 24]LogModuleManager: Shutting down and abandoning module IntroTutorials (181)
[2016.05.01-18.07.16:993][ 24]LogModuleManager: Shutting down and abandoning module EditorLiveStreaming (180)
[2016.05.01-18.07.16:993][ 24]LogModuleManager: Shutting down and abandoning module IOSPlatformEditor (179)
[2016.05.01-18.07.16:993][ 24]LogModuleManager: Shutting down and abandoning module HTML5PlatformEditor (178)
[2016.05.01-18.07.16:993][ 24]LogModuleManager: Shutting down and abandoning module AndroidDeviceDetection (177)
[2016.05.01-18.07.17:836][ 24]LogModuleManager: Shutting down and abandoning module AndroidPlatformEditor (176)
[2016.05.01-18.07.17:836][ 24]LogModuleManager: Shutting down and abandoning module IOSRuntimeSettings (175)
[2016.05.01-18.07.17:836][ 24]LogModuleManager: Shutting down and abandoning module AndroidRuntimeSettings (174)
[2016.05.01-18.07.17:836][ 24]LogModuleManager: Shutting down and abandoning module MergeActors (173)
[2016.05.01-18.07.17:836][ 24]LogModuleManager: Shutting down and abandoning module SizeMap (172)
[2016.05.01-18.07.17:836][ 24]LogModuleManager: Shutting down and abandoning module TreeMap (171)
[2016.05.01-18.07.17:836][ 24]LogModuleManager: Shutting down and abandoning module ReferenceViewer (170)
[2016.05.01-18.07.17:836][ 24]LogModuleManager: Shutting down and abandoning module LocalizationService (169)
[2016.05.01-18.07.17:836][ 24]LogModuleManager: Shutting down and abandoning module LocalizationDashboard (168)
[2016.05.01-18.07.17:836][ 24]LogModuleManager: Shutting down and abandoning module HardwareTargeting (167)
[2016.05.01-18.07.17:836][ 24]LogModuleManager: Shutting down and abandoning module DeviceProfileEditor (166)
[2016.05.01-18.07.17:836][ 24]LogModuleManager: Shutting down and abandoning module UndoHistory (165)
[2016.05.01-18.07.17:836][ 24]LogModuleManager: Shutting down and abandoning module UserFeedback (164)
[2016.05.01-18.07.17:836][ 24]LogModuleManager: Shutting down and abandoning module XmlParser (163)
[2016.05.01-18.07.17:837][ 24]LogModuleManager: Shutting down and abandoning module Blutility (162)
[2016.05.01-18.07.17:837][ 24]LogModuleManager: Shutting down and abandoning module ProjectTargetPlatformEditor (161)
[2016.05.01-18.07.17:837][ 24]LogModuleManager: Shutting down and abandoning module ProjectSettingsViewer (160)
[2016.05.01-18.07.17:837][ 24]LogModuleManager: Shutting down and abandoning module InputBindingEditor (159)
[2016.05.01-18.07.17:837][ 24]LogModuleManager: Shutting down and abandoning module EditorSettingsViewer (158)
[2016.05.01-18.07.17:837][ 24]LogModuleManager: Shutting down and abandoning module SettingsEditor (157)
[2016.05.01-18.07.17:837][ 24]LogModuleManager: Shutting down and abandoning module ProjectLauncher (156)
[2016.05.01-18.07.17:837][ 24]LogModuleManager: Shutting down and abandoning module SessionFrontend (155)
[2016.05.01-18.07.17:837][ 24]LogModuleManager: Shutting down and abandoning module ProfilerClient (154)
[2016.05.01-18.07.17:837][ 24]LogModuleManager: Shutting down and abandoning module TargetDeviceServices (153)
[2016.05.01-18.07.17:837][ 24]LogModuleManager: Shutting down and abandoning module DeviceManager (152)
[2016.05.01-18.07.17:867][ 24]LogModuleManager: Shutting down and abandoning module AutomationController (151)
[2016.05.01-18.07.17:867][ 24]LogModuleManager: Shutting down and abandoning module AutomationWindow (150)
[2016.05.01-18.07.17:867][ 24]LogModuleManager: Shutting down and abandoning module Layers (149)
[2016.05.01-18.07.17:867][ 24]LogModuleManager: Shutting down and abandoning module ComponentVisualizers (148)
[2016.05.01-18.07.17:867][ 24]LogModuleManager: Shutting down and abandoning module DetailCustomizations (147)
[2016.05.01-18.07.17:867][ 24]LogModuleManager: Shutting down and abandoning module PackagesDialog (146)
[2016.05.01-18.07.17:867][ 24]LogModuleManager: Shutting down and abandoning module Persona (145)
[2016.05.01-18.07.17:867][ 24]LogModuleManager: Shutting down and abandoning module Kismet (144)
[2016.05.01-18.07.17:867][ 24]LogModuleManager: Shutting down and abandoning module GraphEditor (143)
[2016.05.01-18.07.17:867][ 24]LogModuleManager: Shutting down and abandoning module ClassViewer (142)
[2016.05.01-18.07.17:867][ 24]LogModuleManager: Shutting down and abandoning module Toolbox (141)
[2016.05.01-18.07.17:867][ 24]LogModuleManager: Shutting down and abandoning module ModuleUI (140)
[2016.05.01-18.07.17:867][ 24]LogModuleManager: Shutting down and abandoning module MovieSceneTools (139)
[2016.05.01-18.07.17:867][ 24]LogModuleManager: Shutting down and abandoning module OutputLog (138)
[2016.05.01-18.07.17:867][ 24]LogModuleManager: Shutting down and abandoning module GammaUI (137)
[2016.05.01-18.07.17:867][ 24]LogModuleManager: Shutting down and abandoning module Documentation (136)
[2016.05.01-18.07.17:867][ 24]LogModuleManager: Shutting down and abandoning module StreamingPauseRendering (135)
[2016.05.01-18.07.17:867][ 24]LogModuleManager: Shutting down and abandoning module AnalyticsET (134)
[2016.05.01-18.07.17:867][ 24]LogModuleManager: Shutting down and abandoning module Analytics (133)
[2016.05.01-18.07.17:867][ 24]LogModuleManager: Shutting down and abandoning module PortalServices (132)
[2016.05.01-18.07.17:867][ 24]LogModuleManager: Shutting down and abandoning module PortalRpc (131)
[2016.05.01-18.07.17:867][ 24]LogModuleManager: Shutting down and abandoning module MessagingRpc (130)
[2016.05.01-18.07.17:867][ 24]LogModuleManager: Shutting down and abandoning module AITestSuite (129)
[2016.05.01-18.07.17:868][ 24]LogModuleManager: Shutting down and abandoning module GameplayDebugger (128)
[2016.05.01-18.07.17:868][ 24]LogModuleManager: Shutting down and abandoning module AIModule (127)
[2016.05.01-18.07.17:868][ 24]LogModuleManager: Shutting down and abandoning module ProfilerService (126)
[2016.05.01-18.07.17:971][ 24]LogModuleManager: Shutting down and abandoning module TaskGraph (125)
[2016.05.01-18.07.17:971][ 24]LogModuleManager: Shutting down and abandoning module SlateRemote (124)
[2016.05.01-18.07.17:971][ 24]LogModuleManager: Shutting down and abandoning module SteamVRController (123)
[2016.05.01-18.07.17:971][ 24]LogModuleManager: Shutting down and abandoning module SteamVR (122)
[2016.05.01-18.07.17:971][ 24]LogModuleManager: Shutting down and abandoning module ProceduralMeshComponent (121)
[2016.05.01-18.07.17:971][ 24]LogModuleManager: Shutting down and abandoning module OculusLibrary (120)
[2016.05.01-18.07.17:971][ 24]LogModuleManager: Shutting down and abandoning module OculusInput (119)
[2016.05.01-18.07.17:971][ 24]LogModuleManager: Shutting down and abandoning module CustomMeshComponent (118)
[2016.05.01-18.07.17:971][ 24]LogModuleManager: Shutting down and abandoning module CableComponent (117)
[2016.05.01-18.07.17:971][ 24]LogModuleManager: Shutting down and abandoning module ArchVisCharacter (116)
[2016.05.01-18.07.17:971][ 24]LogModuleManager: Shutting down and abandoning module MediaPlayerEditor (115)
[2016.05.01-18.07.17:971][ 24]LogModuleManager: Shutting down and abandoning module HTML5Networking (114)
[2016.05.01-18.07.17:971][ 24]LogModuleManager: Shutting down and abandoning module SpeedTreeImporter (113)
[2016.05.01-18.07.17:971][ 24]LogModuleManager: Shutting down and abandoning module PluginBrowser (112)
[2016.05.01-18.07.17:971][ 24]LogModuleManager: Shutting down and abandoning module EpicSurvey (111)
[2016.05.01-18.07.17:971][ 24]LogModuleManager: Shutting down and abandoning module DesktopPlatform (110)
[2016.05.01-18.07.17:971][ 24]LogModuleManager: Shutting down and abandoning module VisualStudioSourceCodeAccess (109)
[2016.05.01-18.07.17:971][ 24]LogModuleManager: Shutting down and abandoning module UObjectPlugin (108)
[2016.05.01-18.07.17:971][ 24]LogModuleManager: Shutting down and abandoning module SubversionSourceControl (107)
[2016.05.01-18.07.17:972][ 24]LogModuleManager: Shutting down and abandoning module PerforceSourceControl (106)
[2016.05.01-18.07.17:972][ 24]LogModuleManager: Shutting down and abandoning module SourceControl (105)
[2016.05.01-18.07.17:972][ 24]LogModuleManager: Shutting down and abandoning module GitSourceControl (104)
[2016.05.01-18.07.17:972][ 24]LogModuleManager: Shutting down and abandoning module LightPropagationVolumeEditor (103)
[2016.05.01-18.07.17:972][ 24]LogModuleManager: Shutting down and abandoning module PaperTiledImporter (102)
[2016.05.01-18.07.17:972][ 24]LogModuleManager: Shutting down and abandoning module PaperSpriteSheetImporter (101)
[2016.05.01-18.07.17:972][ 24]LogModuleManager: Shutting down and abandoning module MeshPaint (100)
[2016.05.01-18.07.17:972][ 24]LogModuleManager: Shutting down and abandoning module HotReload (99)
[2016.05.01-18.07.17:974][ 24]LogModuleManager: Shutting down and abandoning module MainFrame (98)
[2016.05.01-18.07.17:974][ 24]LogModuleManager: Shutting down and abandoning module LevelEditor (97)
[2016.05.01-18.07.17:974][ 24]LogModuleManager: Shutting down and abandoning module DirectoryWatcher (96)
[2016.05.01-18.07.17:975][ 24]LogModuleManager: Shutting down and abandoning module AssetRegistry (95)
[2016.05.01-18.07.18:950][ 24]LogModuleManager: Shutting down and abandoning module ContentBrowser (94)
[2016.05.01-18.07.18:951][ 24]LogModuleManager: Shutting down and abandoning module Paper2DEditor (93)
[2016.05.01-18.07.18:952][ 24]LogModuleManager: Shutting down and abandoning module UdpMessaging (92)
[2016.05.01-18.07.19:052][ 24]LogModuleManager: Shutting down and abandoning module LightPropagationVolumeRuntime (91)
[2016.05.01-18.07.19:052][ 24]LogModuleManager: Shutting down and abandoning module Paper2D (90)
[2016.05.01-18.07.19:052][ 24]LogModuleManager: Shutting down and abandoning module WindowsMoviePlayer (89)
[2016.05.01-18.07.19:052][ 24]LogModuleManager: Shutting down and abandoning module Media (88)
[2016.05.01-18.07.19:052][ 24]LogModuleManager: Shutting down and abandoning module WmfMedia (87)
[2016.05.01-18.07.19:052][ 24]LogModuleManager: Shutting down and abandoning module MediaAssets (86)
[2016.05.01-18.07.19:052][ 24]LogModuleManager: Shutting down and abandoning module GameLiveStreaming (85)
[2016.05.01-18.07.19:052][ 24]LogModuleManager: Shutting down and abandoning module GameplayTagsEditor (84)
[2016.05.01-18.07.19:052][ 24]LogModuleManager: Shutting down and abandoning module OnlineBlueprintSupport (83)
[2016.05.01-18.07.19:052][ 24]LogModuleManager: Shutting down and abandoning module GameplayTasksEditor (82)
[2016.05.01-18.07.19:052][ 24]LogModuleManager: Shutting down and abandoning module PropertyEditor (81)
[2016.05.01-18.07.19:053][ 24]LogModuleManager: Shutting down and abandoning module BehaviorTreeEditor (80)
[2016.05.01-18.07.19:053][ 24]LogModuleManager: Shutting down and abandoning module FunctionalTesting (79)
[2016.05.01-18.07.19:053][ 24]LogModuleManager: Shutting down and abandoning module CollisionAnalyzer (78)
[2016.05.01-18.07.19:053][ 24]LogModuleManager: Shutting down and abandoning module WorkspaceMenuStructure (77)
[2016.05.01-18.07.19:053][ 24]LogModuleManager: Shutting down and abandoning module MessageLog (76)
[2016.05.01-18.07.19:053][ 24]LogModuleManager: Shutting down and abandoning module Sequencer (75)
[2016.05.01-18.07.19:053][ 24]LogModuleManager: Shutting down and abandoning module AssetTools (74)
[2016.05.01-18.07.19:053][ 24]LogModuleManager: Shutting down and abandoning module UMGEditor (73)
[2016.05.01-18.07.19:053][ 24]LogModuleManager: Shutting down and abandoning module UMG (72)
[2016.05.01-18.07.19:053][ 24]LogModuleManager: Shutting down and abandoning module SlateReflector (71)
[2016.05.01-18.07.19:053][ 24]LogModuleManager: Shutting down and abandoning module Slate (70)
[2016.05.01-18.07.19:053][ 24]LogModuleManager: Shutting down and abandoning module EditorStyle (69)
[2016.05.01-18.07.19:055][ 24]LogModuleManager: Shutting down and abandoning module SessionServices (68)
[2016.05.01-18.07.19:055][ 24]LogModuleManager: Shutting down and abandoning module SourceCodeAccess (67)
[2016.05.01-18.07.19:055][ 24]LogModuleManager: Shutting down and abandoning module HeadMountedDisplay (66)
[2016.05.01-18.07.19:055][ 24]LogModuleManager: Shutting down and abandoning module XAudio2 (65)
[2016.05.01-18.07.19:055][ 24]LogModuleManager: Shutting down and abandoning module Networking (63)
[2016.05.01-18.07.19:055][ 24]LogModuleManager: Shutting down and abandoning module Core (62)
[2016.05.01-18.07.19:055][ 24]LogModuleManager: Shutting down and abandoning module KismetCompiler (61)
[2016.05.01-18.07.19:055][ 24]LogModuleManager: Shutting down and abandoning module PhysXFormats (60)
[2016.05.01-18.07.19:055][ 24]LogModuleManager: Shutting down and abandoning module MeshUtilities (59)
[2016.05.01-18.07.19:055][ 24]LogModuleManager: Shutting down and abandoning module CookingStats (58)
[2016.05.01-18.07.19:055][ 24]LogModuleManager: Shutting down and abandoning module DerivedDataCache (57)
[2016.05.01-18.07.19:055][ 24]LogDerivedDataCache: Shutdown
[2016.05.01-18.07.19:055][ 24]LogModuleManager: Shutting down and abandoning module ShaderFormatOpenGL (56)
[2016.05.01-18.07.19:055][ 24]LogModuleManager: Shutting down and abandoning module ShaderFormatD3D (55)
[2016.05.01-18.07.19:055][ 24]LogModuleManager: Shutting down and abandoning module MetalShaderFormat (54)
[2016.05.01-18.07.19:055][ 24]LogModuleManager: Shutting down and abandoning module TextureFormatUncompressed (53)
[2016.05.01-18.07.19:056][ 24]LogModuleManager: Shutting down and abandoning module TextureFormatPVR (52)
[2016.05.01-18.07.19:056][ 24]LogModuleManager: Shutting down and abandoning module TextureFormatIntelISPCTexComp (51)
[2016.05.01-18.07.19:056][ 24]LogModuleManager: Shutting down and abandoning module TextureFormatDXT (50)
[2016.05.01-18.07.19:056][ 24]LogModuleManager: Shutting down and abandoning module ImageWrapper (49)
[2016.05.01-18.07.19:056][ 24]LogModuleManager: Shutting down and abandoning module TextureFormatASTC (48)
[2016.05.01-18.07.19:056][ 24]LogModuleManager: Shutting down and abandoning module TextureFormatAndroid (47)
[2016.05.01-18.07.19:056][ 24]LogModuleManager: Shutting down and abandoning module AudioFormatOpus (46)
[2016.05.01-18.07.19:056][ 24]LogModuleManager: Shutting down and abandoning module AudioFormatOgg (45)
[2016.05.01-18.07.19:056][ 24]LogModuleManager: Shutting down and abandoning module AudioFormatADPCM (44)
[2016.05.01-18.07.19:056][ 24]LogModuleManager: Shutting down and abandoning module LinuxTargetPlatform (43)
[2016.05.01-18.07.19:056][ 24]LogModuleManager: Shutting down and abandoning module LinuxServerTargetPlatform (42)
[2016.05.01-18.07.19:056][ 24]LogModuleManager: Shutting down and abandoning module LinuxNoEditorTargetPlatform (41)
[2016.05.01-18.07.19:056][ 24]LogModuleManager: Shutting down and abandoning module TVOSTargetPlatform (40)
[2016.05.01-18.07.19:056][ 24]LogModuleManager: Shutting down and abandoning module Messaging (39)
[2016.05.01-18.07.19:056][ 24]LogModuleManager: Shutting down and abandoning module IOSTargetPlatform (38)
[2016.05.01-18.07.19:056][ 24]LogModuleManager: Shutting down and abandoning module HTML5TargetPlatform (37)
[2016.05.01-18.07.19:056][ 24]LogModuleManager: Shutting down and abandoning module Android_PVRTCTargetPlatform (36)
[2016.05.01-18.07.19:056][ 24]LogModuleManager: Shutting down and abandoning module Android_MultiTargetPlatform (35)
[2016.05.01-18.07.19:056][ 24]LogModuleManager: Shutting down and abandoning module Android_ETC2TargetPlatform (34)
[2016.05.01-18.07.19:056][ 24]LogModuleManager: Shutting down and abandoning module Android_ETC1TargetPlatform (33)
[2016.05.01-18.07.19:056][ 24]LogModuleManager: Shutting down and abandoning module Android_DXTTargetPlatform (32)
[2016.05.01-18.07.19:056][ 24]LogModuleManager: Shutting down and abandoning module Android_ATCTargetPlatform (31)
[2016.05.01-18.07.19:056][ 24]LogModuleManager: Shutting down and abandoning module Android_ASTCTargetPlatform (30)
[2016.05.01-18.07.19:056][ 24]LogModuleManager: Shutting down and abandoning module AndroidTargetPlatform (29)
[2016.05.01-18.07.19:056][ 24]LogModuleManager: Shutting down and abandoning module WindowsTargetPlatform (28)
[2016.05.01-18.07.19:056][ 24]LogModuleManager: Shutting down and abandoning module WindowsServerTargetPlatform (27)
[2016.05.01-18.07.19:056][ 24]LogModuleManager: Shutting down and abandoning module WindowsNoEditorTargetPlatform (26)
[2016.05.01-18.07.19:056][ 24]LogModuleManager: Shutting down and abandoning module WindowsClientTargetPlatform (25)
[2016.05.01-18.07.19:056][ 24]LogModuleManager: Shutting down and abandoning module AllDesktopTargetPlatform (24)
[2016.05.01-18.07.19:056][ 24]LogModuleManager: Shutting down and abandoning module TargetPlatform (23)
[2016.05.01-18.07.19:056][ 24]LogModuleManager: Shutting down and abandoning module InputCore (22)
[2016.05.01-18.07.19:056][ 24]LogModuleManager: Shutting down and abandoning module Settings (21)
[2016.05.01-18.07.19:056][ 24]LogModuleManager: Shutting down and abandoning module OnlineSubsystem (19)
[2016.05.01-18.07.19:056][ 24]LogModuleManager: Shutting down and abandoning module HTTP (18)
[2016.05.01-18.07.21:057][ 24]LogModuleManager: Shutting down and abandoning module XMPP (17)
[2016.05.01-18.07.21:057][ 24]LogModuleManager: Shutting down and abandoning module OculusRift (16)
[2016.05.01-18.07.21:057][ 24]LogModuleManager: Shutting down and abandoning module ExampleDeviceProfileSelector (15)
[2016.05.01-18.07.21:057][ 24]LogModuleManager: Shutting down and abandoning module TextureCompressor (14)
[2016.05.01-18.07.21:057][ 24]LogModuleManager: Shutting down and abandoning module ShaderCore (13)
[2016.05.01-18.07.21:057][ 24]LogModuleManager: Shutting down and abandoning module Landscape (12)
[2016.05.01-18.07.21:057][ 24]LogModuleManager: Shutting down and abandoning module SlateRHIRenderer (11)
[2016.05.01-18.07.21:058][ 24]LogModuleManager: Shutting down and abandoning module OpenGLDrv (10)
[2016.05.01-18.07.21:058][ 24]LogModuleManager: Shutting down and abandoning module D3D11RHI (9)
[2016.05.01-18.07.21:058][ 24]LogModuleManager: Shutting down and abandoning module AnimGraphRuntime (8)
[2016.05.01-18.07.21:059][ 24]LogModuleManager: Shutting down and abandoning module Renderer (7)
[2016.05.01-18.07.21:059][ 24]LogModuleManager: Shutting down and abandoning module Engine (6)
[2016.05.01-18.07.21:059][ 24]LogModuleManager: Shutting down and abandoning module CoreUObject (5)
[2016.05.01-18.07.21:059][ 24]LogModuleManager: Shutting down and abandoning module NetworkFile (4)
[2016.05.01-18.07.21:059][ 24]LogModuleManager: Shutting down and abandoning module StreamingFile (3)
[2016.05.01-18.07.21:059][ 24]LogModuleManager: Shutting down and abandoning module SandboxFile (2)
[2016.05.01-18.07.21:059][ 24]LogModuleManager: Shutting down and abandoning module PakFile (1)
[2016.05.01-18.07.21:062][ 24]LogExit: Exiting.
[2016.05.01-18.07.21:063][ 24]Log file closed, 05/01/16 14:07:21
