Log file open, 05/11/16 15:59:13
LogInit:Display: Running engine for game: MechProject
LogPlatformFile: Not using cached read wrapper
LogInit:Display: RandInit(1304390749) SRandInit(1304390752).
LogTaskGraph: Started task graph with 4 named threads and 11 total threads.
LogStats: Stats thread started at 0.126844
LogInit: Version: 4.11.2-2946394+++UE4+Release-4.11
LogInit: API Version: 2927265
LogInit: Compiled (64-bit): Apr 18 2016 02:18:46
LogInit: Compiled with Visual C++: 19.00.23026.00
LogInit: Build Configuration: Development
LogInit: Branch Name: ++UE4+Release-4.11
LogInit: Command line:  
LogInit: Base directory: F:/Programs/Epic Games/4.11/Engine/Binaries/Win64/
LogInit: Installed Engine Build: 1
LogInit: Using libcurl 7.41.0
LogInit:  - built for x86_64-pc-win32
LogInit:  - supports SSL with WinSSL
LogInit:  - other features:
LogInit:      CURL_VERSION_SSL
LogInit:      CURL_VERSION_IPV6
LogInit:      CURL_VERSION_ASYNCHDNS
LogInit:      CURL_VERSION_LARGEFILE
LogInit:      CURL_VERSION_IDN
LogInit:  CurlRequestOptions (configurable via config and command line):
LogInit:  - bVerifyPeer = true  - Libcurl will verify peer certificate
LogInit:  - bUseHttpProxy = false  - Libcurl will NOT use HTTP proxy
LogInit:  - bDontReuseConnections = false  - Libcurl will reuse connections
LogInit:  - CertBundlePath = nullptr  - Libcurl will use whatever was configured at build time.
LogInit: Presizing for max 16777216 objects, including 0 objects not considered by GC, pre-allocating 0 bytes for permanent pool.
LogInit: Object subsystem initialized
[2016.05.11-19.59.13:355][  0]LogInit: Selected Device Profile: [Windows]
[2016.05.11-19.59.13:355][  0]LogInit: Applying CVar settings loaded from the selected device profile: [Windows]
[2016.05.11-19.59.13:387][  0]LogInit: Computer: Z600-PC
[2016.05.11-19.59.13:387][  0]LogInit: User: Z600
[2016.05.11-19.59.13:387][  0]LogInit: CPU Page size=65536, Cores=8
[2016.05.11-19.59.13:387][  0]LogInit: High frequency timer resolution =2.597705 MHz
[2016.05.11-19.59.13:388][  0]LogMemory: Memory total: Physical=12.0GB (12GB approx)
[2016.05.11-19.59.13:388][  0]LogMemory: Platform Memory Stats for Windows
[2016.05.11-19.59.13:388][  0]LogMemory: Process Physical Memory: 316.22 MB used, 316.22 MB peak
[2016.05.11-19.59.13:388][  0]LogMemory: Process Virtual Memory: 319.99 MB used, 319.99 MB peak
[2016.05.11-19.59.13:388][  0]LogMemory: Physical Memory: 6322.24 MB used, 12271.22 MB total
[2016.05.11-19.59.13:388][  0]LogMemory: Virtual Memory: 626.74 MB used, 8388608.00 MB total
[2016.05.11-19.59.13:449][  0]LogTextLocalizationManager: No specific translations for ('en-US') exist, so ('en') translations will be used.
[2016.05.11-19.59.14:399][  0]LogD3D11RHI: D3D11 adapters:
[2016.05.11-19.59.14:420][  0]LogD3D11RHI:    0. 'NVIDIA GeForce GTX 750 Ti' (Feature Level 11_0)
[2016.05.11-19.59.14:420][  0]LogD3D11RHI:       1992MB of dedicated video memory, 0MB of dedicated system memory, and 2048MB of shared system memory, 2 output[s]
[2016.05.11-19.59.14:420][  0]LogD3D11RHI: Chosen D3D11 Adapter: 0
[2016.05.11-19.59.14:426][  0]LogD3D11RHI: Creating new Direct3DDevice
[2016.05.11-19.59.14:427][  0]LogD3D11RHI:     Adapter Name: NVIDIA GeForce GTX 750 Ti
[2016.05.11-19.59.14:427][  0]LogD3D11RHI:   Driver Version: Unknown (internal Unknown)
[2016.05.11-19.59.14:427][  0]LogD3D11RHI:      Driver Date: Unknown
[2016.05.11-19.59.14:427][  0]LogRHI: Texture pool is 1361 MB (70% of 1945 MB)
[2016.05.11-19.59.14:440][  0]LogD3D11RHI: Async texture creation enabled
[2016.05.11-19.59.14:460][  0]LogShaderCompilers: Guid format shader working directory is -13 characters bigger than the processId version (../../../../../../UnrealProjects/UnrealProject/MechProject/Intermediate/Shaders/WorkingDirectory/6336/).
[2016.05.11-19.59.14:460][  0]LogShaderCompilers: Cleaned the shader compiler working directory 'C:/Users/Z600/AppData/Local/Temp/UnrealShaderWorkingDir/A146C9D643635E8A331798B021833507/'.
[2016.05.11-19.59.14:460][  0]LogShaderCompilers:Display: Using Local Shader Compiler.
[2016.05.11-19.59.15:745][  0]LogTemp:Display: Loaded TP AllDesktopTargetPlatform
[2016.05.11-19.59.15:751][  0]LogTemp:Display: Loaded TP WindowsClientTargetPlatform
[2016.05.11-19.59.15:758][  0]LogTemp:Display: Loaded TP WindowsNoEditorTargetPlatform
[2016.05.11-19.59.15:766][  0]LogTemp:Display: Loaded TP WindowsServerTargetPlatform
[2016.05.11-19.59.15:772][  0]LogTemp:Display: Loaded TP WindowsTargetPlatform
[2016.05.11-19.59.15:777][  0]LogTemp:Display: Loaded TP AndroidTargetPlatform
[2016.05.11-19.59.15:782][  0]LogTemp:Display: Loaded TP Android_ASTCTargetPlatform
[2016.05.11-19.59.15:787][  0]LogTemp:Display: Loaded TP Android_ATCTargetPlatform
[2016.05.11-19.59.15:792][  0]LogTemp:Display: Loaded TP Android_DXTTargetPlatform
[2016.05.11-19.59.15:796][  0]LogTemp:Display: Loaded TP Android_ETC1TargetPlatform
[2016.05.11-19.59.15:801][  0]LogTemp:Display: Loaded TP Android_ETC2TargetPlatform
[2016.05.11-19.59.15:811][  0]LogTemp:Display: Loaded TP Android_MultiTargetPlatform
[2016.05.11-19.59.15:811][  0]LogTemp:Display: Loaded TP Android_PVRTCTargetPlatform
[2016.05.11-19.59.15:813][  0]LogTemp:Display: Loaded TP HTML5TargetPlatform
[2016.05.11-19.59.15:832][  0]LogTemp:Display: Loaded TP IOSTargetPlatform
[2016.05.11-19.59.15:837][  0]LogTemp:Display: Loaded TP TVOSTargetPlatform
[2016.05.11-19.59.15:841][  0]LogTemp:Display: Loaded TP LinuxNoEditorTargetPlatform
[2016.05.11-19.59.15:846][  0]LogTemp:Display: Loaded TP LinuxServerTargetPlatform
[2016.05.11-19.59.15:852][  0]LogTemp:Display: Loaded TP LinuxTargetPlatform
[2016.05.11-19.59.15:852][  0]LogTargetPlatformManager:Display: Building Assets For Windows
[2016.05.11-19.59.15:958][  0]LogDerivedDataCache:Display: Max Cache Size: 512 MB
[2016.05.11-19.59.16:043][  0]LogDerivedDataCache: Loaded boot cache 0.09s 46MB C:/Users/Z600/AppData/Local/UnrealEngine/4.11/DerivedDataCache/Boot.ddc.
[2016.05.11-19.59.16:043][  0]LogDerivedDataCache:Display: Loaded Boot cache: C:/Users/Z600/AppData/Local/UnrealEngine/4.11/DerivedDataCache/Boot.ddc
[2016.05.11-19.59.16:043][  0]LogDerivedDataCache: FDerivedDataBackendGraph:  Pak pak cache file ../../../../../../UnrealProjects/UnrealProject/MechProject/DerivedDataCache/DDC.ddp not found, will not use a pak cache.
[2016.05.11-19.59.16:043][  0]LogDerivedDataCache: Unable to find inner node Pak for hierarchical cache Hierarchy.
[2016.05.11-19.59.16:043][  0]LogDerivedDataCache: FDerivedDataBackendGraph:  CompressedPak pak cache file ../../../../../../UnrealProjects/UnrealProject/MechProject/DerivedDataCache/Compressed.ddp not found, will not use a pak cache.
[2016.05.11-19.59.16:043][  0]LogDerivedDataCache: Unable to find inner node CompressedPak for hierarchical cache Hierarchy.
[2016.05.11-19.59.16:067][  0]LogDerivedDataCache:Display: Pak cache opened for reading ../../../Engine/DerivedDataCache/Compressed.ddp.
[2016.05.11-19.59.16:078][  0]LogDerivedDataCache: Using Local data cache path C:/Users/Z600/AppData/Local/UnrealEngine/Common/DerivedDataCache: Writable
[2016.05.11-19.59.16:326][  0]LogInit: Selected Device Profile: [Windows]
[2016.05.11-19.59.16:327][  0]LogContentStreaming: Texture pool size is 0.00 MB
[2016.05.11-19.59.16:362][  0]LogMaterial: Uniform references updated for custom material expression Custom.
[2016.05.11-19.59.16:559][  0]LogMeshUtilities: No automatic mesh reduction module available
[2016.05.11-19.59.16:559][  0]LogMeshUtilities: No automatic mesh merging module available
[2016.05.11-19.59.16:559][  0]LogMeshUtilities: No distributed automatic mesh merging module available
[2016.05.11-19.59.17:089][  0]LogUObjectArray: 27679 objects as part of root set at end of initial load.
[2016.05.11-19.59.17:089][  0]LogUObjectAllocator: 5591592 out of 0 bytes used by permanent object pool.
[2016.05.11-19.59.17:089][  0]LogUObjectArray: CloseDisregardForGC: 0/0 objects in disregard for GC pool
[2016.05.11-19.59.17:099][  0]LogInit: WinSock: version 1.1 (2.2), MaxSocks=32767, MaxUdp=65467
[2016.05.11-19.59.17:224][  0]LogSlate: SlateFontCache - WITH_FREETYPE: 1, WITH_HARFBUZZ: 1
[2016.05.11-19.59.17:225][  0]LogSlate: SlateFontCache - WITH_FREETYPE: 1, WITH_HARFBUZZ: 1
[2016.05.11-19.59.17:362][  0]LogStreaming:Warning: Failed to read file '../../../Engine/Content/Editor/Slate/Common/Selection_16x.png' error.
[2016.05.11-19.59.17:362][  0]LogSlate: Could not find file for Slate resource: ../../../Engine/Content/Editor/Slate/Common/Selection_16x.png
[2016.05.11-19.59.17:362][  0]LogStreaming:Warning: Failed to read file '../../../Engine/Content/Editor/Slate/Common/Selection_16x.png' error.
[2016.05.11-19.59.17:362][  0]LogSlate: Could not find file for Slate resource: ../../../Engine/Content/Editor/Slate/Common/Selection_16x.png
[2016.05.11-19.59.17:362][  0]LogStreaming:Warning: Failed to read file '../../../Engine/Content/Editor/Slate/Common/Selection_16x.png' error.
[2016.05.11-19.59.17:362][  0]LogSlate: Could not find file for Slate resource: ../../../Engine/Content/Editor/Slate/Common/Selection_16x.png
[2016.05.11-19.59.18:108][  0]LogUdpMessaging: Initializing bridge on interface 0.0.0.0:0 to multicast group 230.0.0.1:6666.
[2016.05.11-19.59.18:218][  0]LogAssetRegistry: FAssetRegistry took 0.0198 seconds to start up
[2016.05.11-19.59.18:531][  0]SourceControl: Info Source control is disabled
[2016.05.11-19.59.18:532][  0]SourceControl: Info Source control is disabled
[2016.05.11-19.59.18:545][  0]SourceControl: Info Source control is disabled
[2016.05.11-19.59.18:555][  0]SourceControl: Info Source control is disabled
[2016.05.11-19.59.18:707][  0]LogHMD: Failed to initialize OpenVR with code 110
[2016.05.11-19.59.18:803][  0]LogEngine: Initializing Engine...
[2016.05.11-19.59.19:039][  0]LogAIModule: Creating AISystem for world NewWorld
[2016.05.11-19.59.19:049][  0]LogInit: XAudio2 using 'Speakers (Realtek High Definition Audio)' : 2 channels at 48 kHz using 32 bits per sample (channel mask 0x3)
[2016.05.11-19.59.19:063][  0]LogInit: FAudioDevice initialized.
[2016.05.11-19.59.19:106][  0]LogDerivedDataCache: Saved boot cache 0.04s 46MB C:/Users/Z600/AppData/Local/UnrealEngine/4.11/DerivedDataCache/Boot.ddc.
[2016.05.11-19.59.19:114][  0]LogInit: Texture streaming: Enabled
[2016.05.11-19.59.19:182][  0]LogInit: Transaction tracking system initialized
[2016.05.11-19.59.19:218][  0]BlueprintLog: New page: Editor Load
[2016.05.11-19.59.19:619][  0]LocalizationService: Info Localization service is disabled
[2016.05.11-19.59.19:739][  0]LogConsoleResponse:Display: 
[2016.05.11-19.59.20:069][  0]LogCook:Display: Max memory allowance for cook 8192mb
[2016.05.11-19.59.20:069][  0]LogCook:Display: Mobile HDR setting 1
[2016.05.11-19.59.20:069][  0]LogCook:Display: Done creating registry. It took  0.00s.
[2016.05.11-19.59.20:143][  0]LogFileCache: Scanning file cache for directory 'F:/UnrealProjects/UnrealProject/MechProject/Content/' took 0.03s
[2016.05.11-19.59.20:143][  0]SourceControl: Info Source control is disabled
[2016.05.11-19.59.20:143][  0]Cmd: MAP LOAD FILE="../../../../../../UnrealProjects/UnrealProject/MechProject/Content/ThirdPersonBP/Maps/TutorialCourse.umap" TEMPLATE=0 SHOWPROGRESS=1 FEATURELEVEL=3
[2016.05.11-19.59.20:260][  0]LightingResults: New page: Lighting Build
[2016.05.11-19.59.20:264][  0]MapCheck: New page: Map Check
[2016.05.11-19.59.20:264][  0]LightingResults: New page: Lighting Build
[2016.05.11-19.59.23:758][  0]LogLinker:Warning: Can't find file '/Game/ThirdPerson/MechaInsurgent/Gun/ShellTexture'
[2016.05.11-19.59.23:758][  0]LogLinker:Warning: Can't find file for asset '/Game/ThirdPerson/MechaInsurgent/Gun/ShellTexture' while loading ../../../../../../UnrealProjects/UnrealProject/MechProject/Content/ThirdPerson/shell.uasset.
[2016.05.11-19.59.23:758][  0]LoadErrors:Error: Error /Game/ThirdPerson/shell : Can't find file for asset. /Game/ThirdPerson/MechaInsurgent/Gun/ShellTexture
[2016.05.11-19.59.23:776][  0]LogLinker:Warning: Can't find file '/Game/ThirdPerson/MechaInsurgent/Gun/ShellTexture'
[2016.05.11-19.59.23:776][  0]LogLinker:Warning: Can't find file for asset '/Game/ThirdPerson/MechaInsurgent/Gun/ShellTexture' while loading ../../../../../../UnrealProjects/UnrealProject/MechProject/Content/ThirdPerson/shell.uasset.
[2016.05.11-19.59.23:776][  0]LoadErrors:Error: Error /Game/ThirdPerson/shell : Can't find file for asset. /Game/ThirdPerson/MechaInsurgent/Gun/ShellTexture
[2016.05.11-19.59.23:778][  0]LogLinker:Warning: Can't find file '/Game/ThirdPerson/MechaInsurgent/Gun/ShellTexture'
[2016.05.11-19.59.23:778][  0]LogLinker:Warning: Can't find file for asset '/Game/ThirdPerson/MechaInsurgent/Gun/ShellTexture' while loading ../../../../../../UnrealProjects/UnrealProject/MechProject/Content/ThirdPerson/MechaInsurgent/MechSurgAnim.uasset.
[2016.05.11-19.59.23:779][  0]LoadErrors:Error: Error /Game/ThirdPerson/MechaInsurgent/MechSurgAnim : Can't find file for asset. /Game/ThirdPerson/MechaInsurgent/Gun/ShellTexture
[2016.05.11-19.59.23:779][  0]LogLinker:Warning: Can't find file '/Game/ThirdPerson/MechaInsurgent/Gun/ShellTexture'
[2016.05.11-19.59.23:779][  0]LogLinker:Warning: Can't find file for asset '/Game/ThirdPerson/MechaInsurgent/Gun/ShellTexture' while loading ../../../../../../UnrealProjects/UnrealProject/MechProject/Content/ThirdPerson/MechaInsurgent/MechSurgAnim.uasset.
[2016.05.11-19.59.23:779][  0]LoadErrors:Error: Error /Game/ThirdPerson/MechaInsurgent/MechSurgAnim : Can't find file for asset. /Game/ThirdPerson/MechaInsurgent/Gun/ShellTexture
[2016.05.11-19.59.23:785][  0]LogLinker:Warning: Can't find file '/Game/ThirdPerson/MechaInsurgent/Gun/ShellTexture'
[2016.05.11-19.59.23:785][  0]LoadErrors: Info Failed to load /Game/ThirdPerson/MechaInsurgent/MechSurgAnim.MechSurgAnim_C Referenced by StaticMesh_GEN_VARIABLE
[2016.05.11-19.59.23:785][  0]LogLinker:Warning: Can't find file for asset '/Game/ThirdPerson/MechaInsurgent/Gun/ShellTexture' while loading ../../../../../../UnrealProjects/UnrealProject/MechProject/Content/ThirdPerson/MechaInsurgent/MechSurgAnim.uasset.
[2016.05.11-19.59.23:785][  0]LoadErrors: Info Failed to load /Game/ThirdPerson/MechaInsurgent/MechSurgAnim.MechSurgAnim_C Referenced by StaticMesh_GEN_VARIABLE
[2016.05.11-19.59.23:785][  0]LoadErrors:Error: Error /Game/ThirdPerson/MechaInsurgent/MechSurgAnim : Can't find file for asset. /Game/ThirdPerson/MechaInsurgent/Gun/ShellTexture
[2016.05.11-19.59.36:700][  0]LogAIModule: Creating AISystem for world TutorialCourse
[2016.05.11-19.59.38:169][  0]LogEditorServer: Finished looking for orphan Actors (0.000 secs)
[2016.05.11-19.59.38:169][  0]Cmd: MAP CHECKDEP NOCLEARLOG
[2016.05.11-19.59.38:252][  0]MapCheck: Info Map check complete: 0 Error(s), 0 Warning(s), took 82.56ms to complete.
[2016.05.11-19.59.38:252][  0]LogFileHelpers: Loading map 'TutorialCourse' took 18.109
[2016.05.11-19.59.39:056][  0]LogCollectionManager: Loaded 0 collections in 0.002025 seconds
[2016.05.11-19.59.39:255][  0]LogFileCache: Scanning file cache for directory 'F:/UnrealProjects/UnrealProject/MechProject/Saved/Collections/' took 0.01s
[2016.05.11-19.59.39:255][  0]LogFileCache: Scanning file cache for directory 'F:/UnrealProjects/UnrealProject/MechProject/Content/Developers/Z600/Collections/' took 0.01s
[2016.05.11-19.59.39:255][  0]LogFileCache: Scanning file cache for directory 'F:/UnrealProjects/UnrealProject/MechProject/Content/Collections/' took 0.01s
[2016.05.11-19.59.39:255][  0]LogCollectionManager: Rebuilt the GUID cache for 0 collections in 0.000005 seconds
[2016.05.11-19.59.39:271][  0]LogContentBrowser: Native class hierarchy populated in 0.0145 seconds. Added 1979 classes and 343 folders.
[2016.05.11-19.59.39:351][  0]LogStats: UGameplayTagsManager::ConstructGameplayTagTree: Construct from data asset -  0.000 s
[2016.05.11-19.59.39:351][  0]LogStats: UGameplayTagsManager::ConstructGameplayTagTree: GameplayTagTreeChangedEvent.Broadcast -  0.000 s
[2016.05.11-19.59.39:352][  0]LogContentBrowser: Native class hierarchy updated for 'GameplayTags' in 0.0006 seconds. Added 12 classes and 0 folders.
[2016.05.11-19.59.39:390][  0]LogContentBrowser: Native class hierarchy updated for 'WidgetCarousel' in 0.0005 seconds. Added 0 classes and 0 folders.
[2016.05.11-19.59.39:528][  0]LogContentBrowser: Native class hierarchy updated for 'SuperSearch' in 0.0006 seconds. Added 1 classes and 2 folders.
[2016.05.11-19.59.40:937][  0]LogContentBrowser: Native class hierarchy updated for 'AddContentDialog' in 0.0006 seconds. Added 0 classes and 0 folders.
[2016.05.11-19.59.41:031][  0]LogContentBrowser: Native class hierarchy updated for 'SceneOutliner' in 0.0006 seconds. Added 1 classes and 2 folders.
[2016.05.11-19.59.41:986][  0]LogCrashTracker: Crashtracker disabled due to settings.
[2016.05.11-19.59.42:142][  0]LogUObjectGlobals:Warning: Failed to find object 'Class None.'
[2016.05.11-19.59.42:191][  0]LogContentBrowser: Native class hierarchy updated for 'HierarchicalLODOutliner' in 0.0006 seconds. Added 1 classes and 2 folders.
[2016.05.11-19.59.42:191][  0]LogLoad: Full Startup: 30.85 seconds (BP compile: 1.33 seconds)
[2016.05.11-19.59.42:191][  0]LogExternalProfiler:Warning: No registered external profiler was matched with a command-line switch (or the DLL could not be loaded).  External profiling features will not be available.
[2016.05.11-19.59.42:530][  0]LogOcInput: OculusInput pre-init called
[2016.05.11-19.59.42:913][  0]LogContentStreaming: Texture pool size now 1000 MB
[2016.05.11-19.59.43:318][  2]LogRenderer: Reallocating scene render targets to support 32x32 (Frame:2).
[2016.05.11-19.59.43:331][  2]LogAssetRegistry: Asset discovery search completed in 25.1334 seconds
[2016.05.11-19.59.43:331][  2]LogCollectionManager: Rebuilt the object cache for 0 collections in 0.000002 seconds (found 0 objects)
[2016.05.11-19.59.43:331][  2]LogCollectionManager: Fixed up redirectors for 0 collections in 0.000028 seconds (updated 0 objects)
[2016.05.11-19.59.43:363][  3]LogRenderer: Reallocating scene render targets to support 128x128 (Frame:2).
[2016.05.11-20.00.22:855][447]LogActorComponent: UnregisterComponent: (/Engine/Transient.CharMoveComp) Not registered. Aborting.
[2016.05.11-20.00.22:855][447]LogActorComponent: UnregisterComponent: (/Engine/Transient.MovementComponent0) Not registered. Aborting.
[2016.05.11-20.00.41:361][447]LogCrashTracker: 


[2016.05.11-20.00.41:414][447]LogWindows:Error: Windows GetLastError: The operation completed successfully. (0)
[2016.05.11-20.00.41:665][448]LogWindows:Error: Windows GetLastError: The operation completed successfully. (0)
[2016.05.11-20.00.41:673][448]LogCrashTracker: 


[2016.05.11-20.00.41:673][448]LogWindows:Error: === Critical error: ===
Fatal error: [File:D:\BuildFarm\buildmachine_++UE4+Release-4.11\Engine\Source\Runtime\RenderCore\Private\RenderingThread.cpp] [Line: 682] 
Rendering thread exception:
Fatal error!






[2016.05.11-20.00.41:748][448]LogExit: Executing StaticShutdownAfterError
[2016.05.11-20.00.41:753][448]LogPhysics:Warning: PHYSX: ..\..\PhysX\src\NpScene.cpp (2946) 8 : PxScene::unlockWrite() called without matching call to PxScene::lockWrite(), behaviour will be undefined.
[2016.05.11-20.00.41:753][448]LogPhysics:Warning: PHYSX: ..\..\PhysX\src\NpScene.cpp (2946) 8 : PxScene::unlockWrite() called without matching call to PxScene::lockWrite(), behaviour will be undefined.
[2016.05.11-20.00.41:753][448]LogWindows: FPlatformMisc::RequestExit(1)
[2016.05.11-20.00.41:753][448]Log file closed, 05/11/16 16:00:41
